2026-03-10T20:02:58.328468-00:00 0 [Note] [MY-011825] [Xtrabackup] recognized server arguments: --datadir=/var/lib/mysql --innodb_flush_log_at_trx_commit=2 --innodb_flush_method=O_DIRECT --innodb_file_per_table=1 
2026-03-10T20:02:58.328566-00:00 0 [Note] [MY-011825] [Xtrabackup] recognized client arguments: --socket=/tmp/mysql.sock --backup=1 --user=root --password=* --compress=lz4 --compress-chunk-size=65534 --target-dir=/tmp/backup-lz4 --no-server-version-check=1 
/usr/bin/pxc_extra/pxb-8.0/bin/xtrabackup version 8.0.35-35 based on MySQL server 8.0.35 Linux (aarch64) (revision id: c9efec73)
Can't locate English.pm in @INC (you may need to install the English module) (@INC contains: /usr/local/lib64/perl5/5.32 /usr/local/share/perl5/5.32 /usr/lib64/perl5/vendor_perl /usr/share/perl5/vendor_perl /usr/lib64/perl5 /usr/share/perl5) at - line 3.
BEGIN failed--compilation aborted at - line 3.
2026-03-10T20:02:58.340784-00:00 0 [Note] [MY-011825] [Xtrabackup] Connecting to MySQL server host: localhost, user: root, password: set, port: not set, socket: /tmp/mysql.sock
2026-03-10T20:02:58.355617-00:00 0 [Note] [MY-011825] [Xtrabackup] Using server version 8.0.45-36.1
2026-03-10T20:02:58.417223-00:00 0 [Note] [MY-011825] [Xtrabackup] Executing LOCK TABLES FOR BACKUP ...
2026-03-10T20:02:58.476930-00:00 0 [Note] [MY-011825] [Xtrabackup] uses posix_fadvise().
2026-03-10T20:02:58.476960-00:00 0 [Note] [MY-011825] [Xtrabackup] cd to /var/lib/mysql
2026-03-10T20:02:58.476970-00:00 0 [Note] [MY-011825] [Xtrabackup] open files limit requested 0, set to 1048576
2026-03-10T20:02:58.477597-00:00 0 [Note] [MY-011825] [Xtrabackup] using the following InnoDB configuration:
2026-03-10T20:02:58.477610-00:00 0 [Note] [MY-011825] [Xtrabackup] innodb_data_home_dir = .
2026-03-10T20:02:58.477614-00:00 0 [Note] [MY-011825] [Xtrabackup] innodb_data_file_path = ibdata1:12M:autoextend
2026-03-10T20:02:58.477672-00:00 0 [Note] [MY-011825] [Xtrabackup] innodb_log_group_home_dir = ./
2026-03-10T20:02:58.477681-00:00 0 [Note] [MY-011825] [Xtrabackup] innodb_log_files_in_group = 2
2026-03-10T20:02:58.477687-00:00 0 [Note] [MY-011825] [Xtrabackup] innodb_log_file_size = 134217728
2026-03-10T20:02:58.477705-00:00 0 [Note] [MY-011825] [Xtrabackup] using O_DIRECT
2026-03-10T20:02:58.479530-00:00 0 [Note] [MY-011825] [Xtrabackup] inititialize_service_handles suceeded
2026-03-10T20:02:58.621693-00:00 0 [Note] [MY-011825] [Xtrabackup] Connecting to MySQL server host: localhost, user: root, password: set, port: not set, socket: /tmp/mysql.sock
2026-03-10T20:02:58.635119-00:00 0 [Note] [MY-011825] [Xtrabackup] Redo Log Archiving is not set up.
2026-03-10T20:02:58.727317-00:00 0 [Note] [MY-011825] [Xtrabackup] Starting to parse redo log at lsn = 19094542
2026-03-10T20:02:58.727805-00:00 0 [Note] [MY-012564] [InnoDB] Recovery parsing buffer extended to 4194304.
2026-03-10T20:02:58.729585-00:00 0 [Note] [MY-012564] [InnoDB] Recovery parsing buffer extended to 8388608.
2026-03-10T20:02:58.921373-00:00 1 [Note] [MY-011825] [Xtrabackup] >> log scanned up to (168482842)
2026-03-10T20:02:58.922439-00:00 0 [Note] [MY-012953] [InnoDB] Disabling background ibuf IO read threads.
2026-03-10T20:02:59.124252-00:00 0 [Note] [MY-011825] [Xtrabackup] Generating a list of tablespaces
2026-03-10T20:02:59.124305-00:00 0 [Note] [MY-012204] [InnoDB] Scanning './'
2026-03-10T20:02:59.125416-00:00 0 [Note] [MY-012208] [InnoDB] Completed space ID check of 2 files.
2026-03-10T20:02:59.125803-00:00 0 [Warning] [MY-012091] [InnoDB] Allocated tablespace ID 5 for pxb3568/t, old maximum was 0
2026-03-10T20:02:59.126517-00:00 0 [Note] [MY-013252] [InnoDB] Using undo tablespace './undo_001'.
2026-03-10T20:02:59.126818-00:00 0 [Note] [MY-013252] [InnoDB] Using undo tablespace './undo_002'.
2026-03-10T20:02:59.127245-00:00 0 [Note] [MY-012910] [InnoDB] Opened 2 existing undo tablespaces.
2026-03-10T20:02:59.127541-00:00 2 [Note] [MY-011825] [Xtrabackup] Compressing ./ibdata1 to /tmp/backup-lz4/ibdata1.lz4
2026-03-10T20:02:59.150554-00:00 2 [Note] [MY-011825] [Xtrabackup] Done: Compressing ./ibdata1 to /tmp/backup-lz4/ibdata1.lz4
2026-03-10T20:02:59.165650-00:00 2 [Note] [MY-011825] [Xtrabackup] Compressing ./sys/sys_config.ibd to /tmp/backup-lz4/sys/sys_config.ibd.lz4
2026-03-10T20:02:59.165820-00:00 2 [Note] [MY-011825] [Xtrabackup] Done: Compressing ./sys/sys_config.ibd to /tmp/backup-lz4/sys/sys_config.ibd.lz4
2026-03-10T20:02:59.168508-00:00 2 [Note] [MY-011825] [Xtrabackup] Compressing ./mysql/wsrep_cluster.ibd to /tmp/backup-lz4/mysql/wsrep_cluster.ibd.lz4
2026-03-10T20:02:59.168650-00:00 2 [Note] [MY-011825] [Xtrabackup] Done: Compressing ./mysql/wsrep_cluster.ibd to /tmp/backup-lz4/mysql/wsrep_cluster.ibd.lz4
2026-03-10T20:02:59.169588-00:00 2 [Note] [MY-011825] [Xtrabackup] Compressing ./mysql/wsrep_cluster_members.ibd to /tmp/backup-lz4/mysql/wsrep_cluster_members.ibd.lz4
2026-03-10T20:02:59.169785-00:00 2 [Note] [MY-011825] [Xtrabackup] Done: Compressing ./mysql/wsrep_cluster_members.ibd to /tmp/backup-lz4/mysql/wsrep_cluster_members.ibd.lz4
2026-03-10T20:02:59.170888-00:00 2 [Note] [MY-011825] [Xtrabackup] Compressing ./mysql/wsrep_streaming_log.ibd to /tmp/backup-lz4/mysql/wsrep_streaming_log.ibd.lz4
2026-03-10T20:02:59.171021-00:00 2 [Note] [MY-011825] [Xtrabackup] Done: Compressing ./mysql/wsrep_streaming_log.ibd to /tmp/backup-lz4/mysql/wsrep_streaming_log.ibd.lz4
2026-03-10T20:02:59.172005-00:00 2 [Note] [MY-011825] [Xtrabackup] Compressing ./pxb3568/t.ibd to /tmp/backup-lz4/pxb3568/t.ibd.lz4
2026-03-10T20:02:59.262940-00:00 2 [Note] [MY-011825] [Xtrabackup] Done: Compressing ./pxb3568/t.ibd to /tmp/backup-lz4/pxb3568/t.ibd.lz4
2026-03-10T20:02:59.266841-00:00 2 [Note] [MY-011825] [Xtrabackup] Compressing ./mysql.ibd to /tmp/backup-lz4/mysql.ibd.lz4
2026-03-10T20:02:59.302890-00:00 2 [Note] [MY-011825] [Xtrabackup] Done: Compressing ./mysql.ibd to /tmp/backup-lz4/mysql.ibd.lz4
2026-03-10T20:02:59.309286-00:00 2 [Note] [MY-011825] [Xtrabackup] Compressing ./undo_002 to /tmp/backup-lz4/undo_002.lz4
2026-03-10T20:02:59.330693-00:00 2 [Note] [MY-011825] [Xtrabackup] Done: Compressing ./undo_002 to /tmp/backup-lz4/undo_002.lz4
2026-03-10T20:02:59.332779-00:00 2 [Note] [MY-011825] [Xtrabackup] Compressing ./undo_001 to /tmp/backup-lz4/undo_001.lz4
2026-03-10T20:02:59.353126-00:00 2 [Note] [MY-011825] [Xtrabackup] Done: Compressing ./undo_001 to /tmp/backup-lz4/undo_001.lz4
2026-03-10T20:02:59.922519-00:00 1 [Note] [MY-011825] [Xtrabackup] >> log scanned up to (168483280)
2026-03-10T20:03:00.129974-00:00 0 [Note] [MY-011825] [Xtrabackup] Starting to backup non-InnoDB tables and files
2026-03-10T20:03:00.130335-00:00 3 [Note] [MY-011825] [Xtrabackup] Compressing mysql/general_log.CSV to /tmp/backup-lz4/mysql/general_log.CSV.lz4
2026-03-10T20:03:00.130353-00:00 3 [Note] [MY-011825] [Xtrabackup] Done: Compressing mysql/general_log.CSV to /tmp/backup-lz4/mysql/general_log.CSV.lz4
2026-03-10T20:03:00.132989-00:00 3 [Note] [MY-011825] [Xtrabackup] Compressing mysql/slow_log_227.sdi to /tmp/backup-lz4/mysql/slow_log_227.sdi.lz4
2026-03-10T20:03:00.133156-00:00 3 [Note] [MY-011825] [Xtrabackup] Done: Compressing mysql/slow_log_227.sdi to /tmp/backup-lz4/mysql/slow_log_227.sdi.lz4
2026-03-10T20:03:00.134588-00:00 3 [Note] [MY-011825] [Xtrabackup] Compressing mysql/general_log.CSM to /tmp/backup-lz4/mysql/general_log.CSM.lz4
2026-03-10T20:03:00.134679-00:00 3 [Note] [MY-011825] [Xtrabackup] Done: Compressing mysql/general_log.CSM to /tmp/backup-lz4/mysql/general_log.CSM.lz4
2026-03-10T20:03:00.136098-00:00 3 [Note] [MY-011825] [Xtrabackup] Compressing mysql/slow_log.CSM to /tmp/backup-lz4/mysql/slow_log.CSM.lz4
2026-03-10T20:03:00.136179-00:00 3 [Note] [MY-011825] [Xtrabackup] Done: Compressing mysql/slow_log.CSM to /tmp/backup-lz4/mysql/slow_log.CSM.lz4
2026-03-10T20:03:00.137220-00:00 3 [Note] [MY-011825] [Xtrabackup] Compressing mysql/slow_log.CSV to /tmp/backup-lz4/mysql/slow_log.CSV.lz4
2026-03-10T20:03:00.137230-00:00 3 [Note] [MY-011825] [Xtrabackup] Done: Compressing mysql/slow_log.CSV to /tmp/backup-lz4/mysql/slow_log.CSV.lz4
2026-03-10T20:03:00.138118-00:00 3 [Note] [MY-011825] [Xtrabackup] Compressing mysql/general_log_226.sdi to /tmp/backup-lz4/mysql/general_log_226.sdi.lz4
2026-03-10T20:03:00.138190-00:00 3 [Note] [MY-011825] [Xtrabackup] Done: Compressing mysql/general_log_226.sdi to /tmp/backup-lz4/mysql/general_log_226.sdi.lz4
2026-03-10T20:03:00.140381-00:00 3 [Note] [MY-011825] [Xtrabackup] Compressing performance_schema/file_summary_by__103.sdi to /tmp/backup-lz4/performance_schema/file_summary_by__103.sdi.lz4
2026-03-10T20:03:00.140515-00:00 3 [Note] [MY-011825] [Xtrabackup] Done: Compressing performance_schema/file_summary_by__103.sdi to /tmp/backup-lz4/performance_schema/file_summary_by__103.sdi.lz4
2026-03-10T20:03:00.142227-00:00 3 [Note] [MY-011825] [Xtrabackup] Compressing performance_schema/events_statement_139.sdi to /tmp/backup-lz4/performance_schema/events_statement_139.sdi.lz4
2026-03-10T20:03:00.142473-00:00 3 [Note] [MY-011825] [Xtrabackup] Done: Compressing performance_schema/events_statement_139.sdi to /tmp/backup-lz4/performance_schema/events_statement_139.sdi.lz4
2026-03-10T20:03:00.143623-00:00 3 [Note] [MY-011825] [Xtrabackup] Compressing performance_schema/events_stages_hi_122.sdi to /tmp/backup-lz4/performance_schema/events_stages_hi_122.sdi.lz4
2026-03-10T20:03:00.143733-00:00 3 [Note] [MY-011825] [Xtrabackup] Done: Compressing performance_schema/events_stages_hi_122.sdi to /tmp/backup-lz4/performance_schema/events_stages_hi_122.sdi.lz4
2026-03-10T20:03:00.144981-00:00 3 [Note] [MY-011825] [Xtrabackup] Compressing performance_schema/events_transacti_146.sdi to /tmp/backup-lz4/performance_schema/events_transacti_146.sdi.lz4
2026-03-10T20:03:00.145106-00:00 3 [Note] [MY-011825] [Xtrabackup] Done: Compressing performance_schema/events_transacti_146.sdi to /tmp/backup-lz4/performance_schema/events_transacti_146.sdi.lz4
2026-03-10T20:03:00.146621-00:00 3 [Note] [MY-011825] [Xtrabackup] Compressing performance_schema/processlist_109.sdi to /tmp/backup-lz4/performance_schema/processlist_109.sdi.lz4
2026-03-10T20:03:00.146731-00:00 3 [Note] [MY-011825] [Xtrabackup] Done: Compressing performance_schema/processlist_109.sdi to /tmp/backup-lz4/performance_schema/processlist_109.sdi.lz4
2026-03-10T20:03:00.147930-00:00 3 [Note] [MY-011825] [Xtrabackup] Compressing performance_schema/table_handles_167.sdi to /tmp/backup-lz4/performance_schema/table_handles_167.sdi.lz4
2026-03-10T20:03:00.148038-00:00 3 [Note] [MY-011825] [Xtrabackup] Done: Compressing performance_schema/table_handles_167.sdi to /tmp/backup-lz4/performance_schema/table_handles_167.sdi.lz4
2026-03-10T20:03:00.149309-00:00 3 [Note] [MY-011825] [Xtrabackup] Compressing performance_schema/events_waits_sum_99.sdi to /tmp/backup-lz4/performance_schema/events_waits_sum_99.sdi.lz4
2026-03-10T20:03:00.149493-00:00 3 [Note] [MY-011825] [Xtrabackup] Done: Compressing performance_schema/events_waits_sum_99.sdi to /tmp/backup-lz4/performance_schema/events_waits_sum_99.sdi.lz4
2026-03-10T20:03:00.150584-00:00 3 [Note] [MY-011825] [Xtrabackup] Compressing performance_schema/binary_log_trans_198.sdi to /tmp/backup-lz4/performance_schema/binary_log_trans_198.sdi.lz4
2026-03-10T20:03:00.150716-00:00 3 [Note] [MY-011825] [Xtrabackup] Done: Compressing performance_schema/binary_log_trans_198.sdi to /tmp/backup-lz4/performance_schema/binary_log_trans_198.sdi.lz4
2026-03-10T20:03:00.151935-00:00 3 [Note] [MY-011825] [Xtrabackup] Compressing performance_schema/socket_summary_b_158.sdi to /tmp/backup-lz4/performance_schema/socket_summary_b_158.sdi.lz4
2026-03-10T20:03:00.152034-00:00 3 [Note] [MY-011825] [Xtrabackup] Done: Compressing performance_schema/socket_summary_b_158.sdi to /tmp/backup-lz4/performance_schema/socket_summary_b_158.sdi.lz4
2026-03-10T20:03:00.153415-00:00 3 [Note] [MY-011825] [Xtrabackup] Compressing performance_schema/log_status_183.sdi to /tmp/backup-lz4/performance_schema/log_status_183.sdi.lz4
2026-03-10T20:03:00.153514-00:00 3 [Note] [MY-011825] [Xtrabackup] Done: Compressing performance_schema/log_status_183.sdi to /tmp/backup-lz4/performance_schema/log_status_183.sdi.lz4
2026-03-10T20:03:00.154716-00:00 3 [Note] [MY-011825] [Xtrabackup] Compressing performance_schema/host_cache_105.sdi to /tmp/backup-lz4/performance_schema/host_cache_105.sdi.lz4
2026-03-10T20:03:00.154846-00:00 3 [Note] [MY-011825] [Xtrabackup] Done: Compressing performance_schema/host_cache_105.sdi to /tmp/backup-lz4/performance_schema/host_cache_105.sdi.lz4
2026-03-10T20:03:00.155994-00:00 3 [Note] [MY-011825] [Xtrabackup] Compressing performance_schema/keyring_keys_161.sdi to /tmp/backup-lz4/performance_schema/keyring_keys_161.sdi.lz4
2026-03-10T20:03:00.156089-00:00 3 [Note] [MY-011825] [Xtrabackup] Done: Compressing performance_schema/keyring_keys_161.sdi to /tmp/backup-lz4/performance_schema/keyring_keys_161.sdi.lz4
2026-03-10T20:03:00.157157-00:00 3 [Note] [MY-011825] [Xtrabackup] Compressing performance_schema/account_failed_l_203.sdi to /tmp/backup-lz4/performance_schema/account_failed_l_203.sdi.lz4
2026-03-10T20:03:00.157339-00:00 3 [Note] [MY-011825] [Xtrabackup] Done: Compressing performance_schema/account_failed_l_203.sdi to /tmp/backup-lz4/performance_schema/account_failed_l_203.sdi.lz4
2026-03-10T20:03:00.158543-00:00 3 [Note] [MY-011825] [Xtrabackup] Compressing performance_schema/replication_appl_175.sdi to /tmp/backup-lz4/performance_schema/replication_appl_175.sdi.lz4
2026-03-10T20:03:00.158627-00:00 3 [Note] [MY-011825] [Xtrabackup] Done: Compressing performance_schema/replication_appl_175.sdi to /tmp/backup-lz4/performance_schema/replication_appl_175.sdi.lz4
2026-03-10T20:03:00.159629-00:00 3 [Note] [MY-011825] [Xtrabackup] Compressing performance_schema/session_connect__159.sdi to /tmp/backup-lz4/performance_schema/session_connect__159.sdi.lz4
2026-03-10T20:03:00.159715-00:00 3 [Note] [MY-011825] [Xtrabackup] Done: Compressing performance_schema/session_connect__159.sdi to /tmp/backup-lz4/performance_schema/session_connect__159.sdi.lz4
2026-03-10T20:03:00.161080-00:00 3 [Note] [MY-011825] [Xtrabackup] Compressing performance_schema/replication_appl_174.sdi to /tmp/backup-lz4/performance_schema/replication_appl_174.sdi.lz4
2026-03-10T20:03:00.161177-00:00 3 [Note] [MY-011825] [Xtrabackup] Done: Compressing performance_schema/replication_appl_174.sdi to /tmp/backup-lz4/performance_schema/replication_appl_174.sdi.lz4
2026-03-10T20:03:00.164760-00:00 3 [Note] [MY-011825] [Xtrabackup] Compressing performance_schema/replication_appl_177.sdi to /tmp/backup-lz4/performance_schema/replication_appl_177.sdi.lz4
2026-03-10T20:03:00.165109-00:00 3 [Note] [MY-011825] [Xtrabackup] Done: Compressing performance_schema/replication_appl_177.sdi to /tmp/backup-lz4/performance_schema/replication_appl_177.sdi.lz4
2026-03-10T20:03:00.167119-00:00 3 [Note] [MY-011825] [Xtrabackup] Compressing performance_schema/setup_actors_111.sdi to /tmp/backup-lz4/performance_schema/setup_actors_111.sdi.lz4
2026-03-10T20:03:00.167235-00:00 3 [Note] [MY-011825] [Xtrabackup] Done: Compressing performance_schema/setup_actors_111.sdi to /tmp/backup-lz4/performance_schema/setup_actors_111.sdi.lz4
2026-03-10T20:03:00.169737-00:00 3 [Note] [MY-011825] [Xtrabackup] Compressing performance_schema/events_waits_sum_97.sdi to /tmp/backup-lz4/performance_schema/events_waits_sum_97.sdi.lz4
2026-03-10T20:03:00.169831-00:00 3 [Note] [MY-011825] [Xtrabackup] Done: Compressing performance_schema/events_waits_sum_97.sdi to /tmp/backup-lz4/performance_schema/events_waits_sum_97.sdi.lz4
2026-03-10T20:03:00.171160-00:00 3 [Note] [MY-011825] [Xtrabackup] Compressing performance_schema/events_errors_su_149.sdi to /tmp/backup-lz4/performance_schema/events_errors_su_149.sdi.lz4
2026-03-10T20:03:00.171258-00:00 3 [Note] [MY-011825] [Xtrabackup] Done: Compressing performance_schema/events_errors_su_149.sdi to /tmp/backup-lz4/performance_schema/events_errors_su_149.sdi.lz4
2026-03-10T20:03:00.172686-00:00 3 [Note] [MY-011825] [Xtrabackup] Compressing performance_schema/replication_appl_179.sdi to /tmp/backup-lz4/performance_schema/replication_appl_179.sdi.lz4
2026-03-10T20:03:00.172784-00:00 3 [Note] [MY-011825] [Xtrabackup] Done: Compressing performance_schema/replication_appl_179.sdi to /tmp/backup-lz4/performance_schema/replication_appl_179.sdi.lz4
2026-03-10T20:03:00.173820-00:00 3 [Note] [MY-011825] [Xtrabackup] Compressing performance_schema/table_io_waits_s_116.sdi to /tmp/backup-lz4/performance_schema/table_io_waits_s_116.sdi.lz4
2026-03-10T20:03:00.173941-00:00 3 [Note] [MY-011825] [Xtrabackup] Done: Compressing performance_schema/table_io_waits_s_116.sdi to /tmp/backup-lz4/performance_schema/table_io_waits_s_116.sdi.lz4
2026-03-10T20:03:00.175527-00:00 3 [Note] [MY-011825] [Xtrabackup] Compressing performance_schema/replication_conn_171.sdi to /tmp/backup-lz4/performance_schema/replication_conn_171.sdi.lz4
2026-03-10T20:03:00.175794-00:00 3 [Note] [MY-011825] [Xtrabackup] Done: Compressing performance_schema/replication_conn_171.sdi to /tmp/backup-lz4/performance_schema/replication_conn_171.sdi.lz4
2026-03-10T20:03:00.177825-00:00 3 [Note] [MY-011825] [Xtrabackup] Compressing performance_schema/global_status_190.sdi to /tmp/backup-lz4/performance_schema/global_status_190.sdi.lz4
2026-03-10T20:03:00.177916-00:00 3 [Note] [MY-011825] [Xtrabackup] Done: Compressing performance_schema/global_status_190.sdi to /tmp/backup-lz4/performance_schema/global_status_190.sdi.lz4
2026-03-10T20:03:00.179016-00:00 3 [Note] [MY-011825] [Xtrabackup] Compressing performance_schema/status_by_user_189.sdi to /tmp/backup-lz4/performance_schema/status_by_user_189.sdi.lz4
2026-03-10T20:03:00.179089-00:00 3 [Note] [MY-011825] [Xtrabackup] Done: Compressing performance_schema/status_by_user_189.sdi to /tmp/backup-lz4/performance_schema/status_by_user_189.sdi.lz4
2026-03-10T20:03:00.180303-00:00 3 [Note] [MY-011825] [Xtrabackup] Compressing performance_schema/keyring_componen_202.sdi to /tmp/backup-lz4/performance_schema/keyring_componen_202.sdi.lz4
2026-03-10T20:03:00.180382-00:00 3 [Note] [MY-011825] [Xtrabackup] Done: Compressing performance_schema/keyring_componen_202.sdi to /tmp/backup-lz4/performance_schema/keyring_componen_202.sdi.lz4
2026-03-10T20:03:00.181654-00:00 3 [Note] [MY-011825] [Xtrabackup] Compressing performance_schema/mutex_instances_106.sdi to /tmp/backup-lz4/performance_schema/mutex_instances_106.sdi.lz4
2026-03-10T20:03:00.181756-00:00 3 [Note] [MY-011825] [Xtrabackup] Done: Compressing performance_schema/mutex_instances_106.sdi to /tmp/backup-lz4/performance_schema/mutex_instances_106.sdi.lz4
2026-03-10T20:03:00.183112-00:00 3 [Note] [MY-011825] [Xtrabackup] Compressing performance_schema/status_by_accoun_186.sdi to /tmp/backup-lz4/performance_schema/status_by_accoun_186.sdi.lz4
2026-03-10T20:03:00.183213-00:00 3 [Note] [MY-011825] [Xtrabackup] Done: Compressing performance_schema/status_by_accoun_186.sdi to /tmp/backup-lz4/performance_schema/status_by_accoun_186.sdi.lz4
2026-03-10T20:03:00.184570-00:00 3 [Note] [MY-011825] [Xtrabackup] Compressing performance_schema/events_waits_sum_98.sdi to /tmp/backup-lz4/performance_schema/events_waits_sum_98.sdi.lz4
2026-03-10T20:03:00.184660-00:00 3 [Note] [MY-011825] [Xtrabackup] Done: Compressing performance_schema/events_waits_sum_98.sdi to /tmp/backup-lz4/performance_schema/events_waits_sum_98.sdi.lz4
2026-03-10T20:03:00.186021-00:00 3 [Note] [MY-011825] [Xtrabackup] Compressing performance_schema/events_statement_136.sdi to /tmp/backup-lz4/performance_schema/events_statement_136.sdi.lz4
2026-03-10T20:03:00.186143-00:00 3 [Note] [MY-011825] [Xtrabackup] Done: Compressing performance_schema/events_statement_136.sdi to /tmp/backup-lz4/performance_schema/events_statement_136.sdi.lz4
2026-03-10T20:03:00.187186-00:00 3 [Note] [MY-011825] [Xtrabackup] Compressing performance_schema/replication_appl_180.sdi to /tmp/backup-lz4/performance_schema/replication_appl_180.sdi.lz4
2026-03-10T20:03:00.187270-00:00 3 [Note] [MY-011825] [Xtrabackup] Done: Compressing performance_schema/replication_appl_180.sdi to /tmp/backup-lz4/performance_schema/replication_appl_180.sdi.lz4
2026-03-10T20:03:00.188432-00:00 3 [Note] [MY-011825] [Xtrabackup] Compressing performance_schema/metadata_locks_168.sdi to /tmp/backup-lz4/performance_schema/metadata_locks_168.sdi.lz4
2026-03-10T20:03:00.188539-00:00 3 [Note] [MY-011825] [Xtrabackup] Done: Compressing performance_schema/metadata_locks_168.sdi to /tmp/backup-lz4/performance_schema/metadata_locks_168.sdi.lz4
2026-03-10T20:03:00.190269-00:00 3 [Note] [MY-011825] [Xtrabackup] Compressing performance_schema/events_stages_su_125.sdi to /tmp/backup-lz4/performance_schema/events_stages_su_125.sdi.lz4
2026-03-10T20:03:00.190375-00:00 3 [Note] [MY-011825] [Xtrabackup] Done: Compressing performance_schema/events_stages_su_125.sdi to /tmp/backup-lz4/performance_schema/events_stages_su_125.sdi.lz4
2026-03-10T20:03:00.193771-00:00 3 [Note] [MY-011825] [Xtrabackup] Compressing performance_schema/file_instances_102.sdi to /tmp/backup-lz4/performance_schema/file_instances_102.sdi.lz4
2026-03-10T20:03:00.193960-00:00 3 [Note] [MY-011825] [Xtrabackup] Done: Compressing performance_schema/file_instances_102.sdi to /tmp/backup-lz4/performance_schema/file_instances_102.sdi.lz4
2026-03-10T20:03:00.195525-00:00 3 [Note] [MY-011825] [Xtrabackup] Compressing performance_schema/setup_threads_115.sdi to /tmp/backup-lz4/performance_schema/setup_threads_115.sdi.lz4
2026-03-10T20:03:00.195733-00:00 3 [Note] [MY-011825] [Xtrabackup] Done: Compressing performance_schema/setup_threads_115.sdi to /tmp/backup-lz4/performance_schema/setup_threads_115.sdi.lz4
2026-03-10T20:03:00.197287-00:00 3 [Note] [MY-011825] [Xtrabackup] Compressing performance_schema/events_errors_su_151.sdi to /tmp/backup-lz4/performance_schema/events_errors_su_151.sdi.lz4
2026-03-10T20:03:00.197483-00:00 3 [Note] [MY-011825] [Xtrabackup] Done: Compressing performance_schema/events_errors_su_151.sdi to /tmp/backup-lz4/performance_schema/events_errors_su_151.sdi.lz4
2026-03-10T20:03:00.198723-00:00 3 [Note] [MY-011825] [Xtrabackup] Compressing performance_schema/events_waits_his_95.sdi to /tmp/backup-lz4/performance_schema/events_waits_his_95.sdi.lz4
2026-03-10T20:03:00.198938-00:00 3 [Note] [MY-011825] [Xtrabackup] Done: Compressing performance_schema/events_waits_his_95.sdi to /tmp/backup-lz4/performance_schema/events_waits_his_95.sdi.lz4
2026-03-10T20:03:00.200131-00:00 3 [Note] [MY-011825] [Xtrabackup] Compressing performance_schema/events_statement_133.sdi to /tmp/backup-lz4/performance_schema/events_statement_133.sdi.lz4
2026-03-10T20:03:00.200237-00:00 3 [Note] [MY-011825] [Xtrabackup] Done: Compressing performance_schema/events_statement_133.sdi to /tmp/backup-lz4/performance_schema/events_statement_133.sdi.lz4
2026-03-10T20:03:00.201170-00:00 3 [Note] [MY-011825] [Xtrabackup] Compressing performance_schema/events_stages_su_126.sdi to /tmp/backup-lz4/performance_schema/events_stages_su_126.sdi.lz4
2026-03-10T20:03:00.201232-00:00 3 [Note] [MY-011825] [Xtrabackup] Done: Compressing performance_schema/events_stages_su_126.sdi to /tmp/backup-lz4/performance_schema/events_stages_su_126.sdi.lz4
2026-03-10T20:03:00.202270-00:00 3 [Note] [MY-011825] [Xtrabackup] Compressing performance_schema/memory_summary_b_163.sdi to /tmp/backup-lz4/performance_schema/memory_summary_b_163.sdi.lz4
2026-03-10T20:03:00.202361-00:00 3 [Note] [MY-011825] [Xtrabackup] Done: Compressing performance_schema/memory_summary_b_163.sdi to /tmp/backup-lz4/performance_schema/memory_summary_b_163.sdi.lz4
2026-03-10T20:03:00.203288-00:00 3 [Note] [MY-011825] [Xtrabackup] Compressing performance_schema/setup_consumers_112.sdi to /tmp/backup-lz4/performance_schema/setup_consumers_112.sdi.lz4
2026-03-10T20:03:00.203364-00:00 3 [Note] [MY-011825] [Xtrabackup] Done: Compressing performance_schema/setup_consumers_112.sdi to /tmp/backup-lz4/performance_schema/setup_consumers_112.sdi.lz4
2026-03-10T20:03:00.204162-00:00 3 [Note] [MY-011825] [Xtrabackup] Compressing performance_schema/events_transacti_143.sdi to /tmp/backup-lz4/performance_schema/events_transacti_143.sdi.lz4
2026-03-10T20:03:00.204240-00:00 3 [Note] [MY-011825] [Xtrabackup] Done: Compressing performance_schema/events_transacti_143.sdi to /tmp/backup-lz4/performance_schema/events_transacti_143.sdi.lz4
2026-03-10T20:03:00.205243-00:00 3 [Note] [MY-011825] [Xtrabackup] Compressing performance_schema/performance_time_108.sdi to /tmp/backup-lz4/performance_schema/performance_time_108.sdi.lz4
2026-03-10T20:03:00.205439-00:00 3 [Note] [MY-011825] [Xtrabackup] Done: Compressing performance_schema/performance_time_108.sdi to /tmp/backup-lz4/performance_schema/performance_time_108.sdi.lz4
2026-03-10T20:03:00.206430-00:00 3 [Note] [MY-011825] [Xtrabackup] Compressing performance_schema/file_summary_by__104.sdi to /tmp/backup-lz4/performance_schema/file_summary_by__104.sdi.lz4
2026-03-10T20:03:00.206538-00:00 3 [Note] [MY-011825] [Xtrabackup] Done: Compressing performance_schema/file_summary_by__104.sdi to /tmp/backup-lz4/performance_schema/file_summary_by__104.sdi.lz4
2026-03-10T20:03:00.207444-00:00 3 [Note] [MY-011825] [Xtrabackup] Compressing performance_schema/user_variables_b_185.sdi to /tmp/backup-lz4/performance_schema/user_variables_b_185.sdi.lz4
2026-03-10T20:03:00.207516-00:00 3 [Note] [MY-011825] [Xtrabackup] Done: Compressing performance_schema/user_variables_b_185.sdi to /tmp/backup-lz4/performance_schema/user_variables_b_185.sdi.lz4
2026-03-10T20:03:00.208326-00:00 3 [Note] [MY-011825] [Xtrabackup] Compressing performance_schema/session_account__160.sdi to /tmp/backup-lz4/performance_schema/session_account__160.sdi.lz4
2026-03-10T20:03:00.208397-00:00 3 [Note] [MY-011825] [Xtrabackup] Done: Compressing performance_schema/session_account__160.sdi to /tmp/backup-lz4/performance_schema/session_account__160.sdi.lz4
2026-03-10T20:03:00.209407-00:00 3 [Note] [MY-011825] [Xtrabackup] Compressing performance_schema/events_stages_su_123.sdi to /tmp/backup-lz4/performance_schema/events_stages_su_123.sdi.lz4
2026-03-10T20:03:00.209507-00:00 3 [Note] [MY-011825] [Xtrabackup] Done: Compressing performance_schema/events_stages_su_123.sdi to /tmp/backup-lz4/performance_schema/events_stages_su_123.sdi.lz4
2026-03-10T20:03:00.210478-00:00 3 [Note] [MY-011825] [Xtrabackup] Compressing performance_schema/threads_119.sdi to /tmp/backup-lz4/performance_schema/threads_119.sdi.lz4
2026-03-10T20:03:00.210566-00:00 3 [Note] [MY-011825] [Xtrabackup] Done: Compressing performance_schema/threads_119.sdi to /tmp/backup-lz4/performance_schema/threads_119.sdi.lz4
2026-03-10T20:03:00.211442-00:00 3 [Note] [MY-011825] [Xtrabackup] Compressing performance_schema/table_io_waits_s_117.sdi to /tmp/backup-lz4/performance_schema/table_io_waits_s_117.sdi.lz4
2026-03-10T20:03:00.211539-00:00 3 [Note] [MY-011825] [Xtrabackup] Done: Compressing performance_schema/table_io_waits_s_117.sdi to /tmp/backup-lz4/performance_schema/table_io_waits_s_117.sdi.lz4
2026-03-10T20:03:00.212459-00:00 3 [Note] [MY-011825] [Xtrabackup] Compressing performance_schema/events_statement_132.sdi to /tmp/backup-lz4/performance_schema/events_statement_132.sdi.lz4
2026-03-10T20:03:00.212572-00:00 3 [Note] [MY-011825] [Xtrabackup] Done: Compressing performance_schema/events_statement_132.sdi to /tmp/backup-lz4/performance_schema/events_statement_132.sdi.lz4
2026-03-10T20:03:00.213496-00:00 3 [Note] [MY-011825] [Xtrabackup] Compressing performance_schema/replication_asyn_181.sdi to /tmp/backup-lz4/performance_schema/replication_asyn_181.sdi.lz4
2026-03-10T20:03:00.213561-00:00 3 [Note] [MY-011825] [Xtrabackup] Done: Compressing performance_schema/replication_asyn_181.sdi to /tmp/backup-lz4/performance_schema/replication_asyn_181.sdi.lz4
2026-03-10T20:03:00.214311-00:00 3 [Note] [MY-011825] [Xtrabackup] Compressing performance_schema/data_lock_waits_170.sdi to /tmp/backup-lz4/performance_schema/data_lock_waits_170.sdi.lz4
2026-03-10T20:03:00.214385-00:00 3 [Note] [MY-011825] [Xtrabackup] Done: Compressing performance_schema/data_lock_waits_170.sdi to /tmp/backup-lz4/performance_schema/data_lock_waits_170.sdi.lz4
2026-03-10T20:03:00.215341-00:00 3 [Note] [MY-011825] [Xtrabackup] Compressing performance_schema/events_statement_129.sdi to /tmp/backup-lz4/performance_schema/events_statement_129.sdi.lz4
2026-03-10T20:03:00.215455-00:00 3 [Note] [MY-011825] [Xtrabackup] Done: Compressing performance_schema/events_statement_129.sdi to /tmp/backup-lz4/performance_schema/events_statement_129.sdi.lz4
2026-03-10T20:03:00.216431-00:00 3 [Note] [MY-011825] [Xtrabackup] Compressing performance_schema/setup_objects_114.sdi to /tmp/backup-lz4/performance_schema/setup_objects_114.sdi.lz4
2026-03-10T20:03:00.216503-00:00 3 [Note] [MY-011825] [Xtrabackup] Done: Compressing performance_schema/setup_objects_114.sdi to /tmp/backup-lz4/performance_schema/setup_objects_114.sdi.lz4
2026-03-10T20:03:00.217503-00:00 3 [Note] [MY-011825] [Xtrabackup] Compressing performance_schema/events_waits_sum_100.sdi to /tmp/backup-lz4/performance_schema/events_waits_sum_100.sdi.lz4
2026-03-10T20:03:00.217592-00:00 3 [Note] [MY-011825] [Xtrabackup] Done: Compressing performance_schema/events_waits_sum_100.sdi to /tmp/backup-lz4/performance_schema/events_waits_sum_100.sdi.lz4
2026-03-10T20:03:00.218793-00:00 3 [Note] [MY-011825] [Xtrabackup] Compressing performance_schema/prepared_stateme_184.sdi to /tmp/backup-lz4/performance_schema/prepared_stateme_184.sdi.lz4
2026-03-10T20:03:00.218960-00:00 3 [Note] [MY-011825] [Xtrabackup] Done: Compressing performance_schema/prepared_stateme_184.sdi to /tmp/backup-lz4/performance_schema/prepared_stateme_184.sdi.lz4
2026-03-10T20:03:00.220093-00:00 3 [Note] [MY-011825] [Xtrabackup] Compressing performance_schema/events_waits_cur_93.sdi to /tmp/backup-lz4/performance_schema/events_waits_cur_93.sdi.lz4
2026-03-10T20:03:00.220183-00:00 3 [Note] [MY-011825] [Xtrabackup] Done: Compressing performance_schema/events_waits_cur_93.sdi to /tmp/backup-lz4/performance_schema/events_waits_cur_93.sdi.lz4
2026-03-10T20:03:00.221156-00:00 3 [Note] [MY-011825] [Xtrabackup] Compressing performance_schema/events_statement_137.sdi to /tmp/backup-lz4/performance_schema/events_statement_137.sdi.lz4
2026-03-10T20:03:00.221260-00:00 3 [Note] [MY-011825] [Xtrabackup] Done: Compressing performance_schema/events_statement_137.sdi to /tmp/backup-lz4/performance_schema/events_statement_137.sdi.lz4
2026-03-10T20:03:00.222151-00:00 3 [Note] [MY-011825] [Xtrabackup] Compressing performance_schema/session_status_191.sdi to /tmp/backup-lz4/performance_schema/session_status_191.sdi.lz4
2026-03-10T20:03:00.222200-00:00 3 [Note] [MY-011825] [Xtrabackup] Done: Compressing performance_schema/session_status_191.sdi to /tmp/backup-lz4/performance_schema/session_status_191.sdi.lz4
2026-03-10T20:03:00.223190-00:00 3 [Note] [MY-011825] [Xtrabackup] Compressing performance_schema/events_statement_134.sdi to /tmp/backup-lz4/performance_schema/events_statement_134.sdi.lz4
2026-03-10T20:03:00.223293-00:00 3 [Note] [MY-011825] [Xtrabackup] Done: Compressing performance_schema/events_statement_134.sdi to /tmp/backup-lz4/performance_schema/events_statement_134.sdi.lz4
2026-03-10T20:03:00.224500-00:00 3 [Note] [MY-011825] [Xtrabackup] Compressing performance_schema/events_statement_131.sdi to /tmp/backup-lz4/performance_schema/events_statement_131.sdi.lz4
2026-03-10T20:03:00.224608-00:00 3 [Note] [MY-011825] [Xtrabackup] Done: Compressing performance_schema/events_statement_131.sdi to /tmp/backup-lz4/performance_schema/events_statement_131.sdi.lz4
2026-03-10T20:03:00.225686-00:00 3 [Note] [MY-011825] [Xtrabackup] Compressing performance_schema/events_stages_hi_121.sdi to /tmp/backup-lz4/performance_schema/events_stages_hi_121.sdi.lz4
2026-03-10T20:03:00.225769-00:00 3 [Note] [MY-011825] [Xtrabackup] Done: Compressing performance_schema/events_stages_hi_121.sdi to /tmp/backup-lz4/performance_schema/events_stages_hi_121.sdi.lz4
2026-03-10T20:03:00.226751-00:00 3 [Note] [MY-011825] [Xtrabackup] Compressing performance_schema/events_statement_130.sdi to /tmp/backup-lz4/performance_schema/events_statement_130.sdi.lz4
2026-03-10T20:03:00.226921-00:00 3 [Note] [MY-011825] [Xtrabackup] Done: Compressing performance_schema/events_statement_130.sdi to /tmp/backup-lz4/performance_schema/events_statement_130.sdi.lz4
2026-03-10T20:03:00.228151-00:00 3 [Note] [MY-011825] [Xtrabackup] Compressing performance_schema/events_stages_su_127.sdi to /tmp/backup-lz4/performance_schema/events_stages_su_127.sdi.lz4
2026-03-10T20:03:00.228292-00:00 3 [Note] [MY-011825] [Xtrabackup] Done: Compressing performance_schema/events_stages_su_127.sdi to /tmp/backup-lz4/performance_schema/events_stages_su_127.sdi.lz4
2026-03-10T20:03:00.229090-00:00 3 [Note] [MY-011825] [Xtrabackup] Compressing performance_schema/rwlock_instances_110.sdi to /tmp/backup-lz4/performance_schema/rwlock_instances_110.sdi.lz4
2026-03-10T20:03:00.229163-00:00 3 [Note] [MY-011825] [Xtrabackup] Done: Compressing performance_schema/rwlock_instances_110.sdi to /tmp/backup-lz4/performance_schema/rwlock_instances_110.sdi.lz4
2026-03-10T20:03:00.230054-00:00 3 [Note] [MY-011825] [Xtrabackup] Compressing performance_schema/replication_asyn_182.sdi to /tmp/backup-lz4/performance_schema/replication_asyn_182.sdi.lz4
2026-03-10T20:03:00.230137-00:00 3 [Note] [MY-011825] [Xtrabackup] Done: Compressing performance_schema/replication_asyn_182.sdi to /tmp/backup-lz4/performance_schema/replication_asyn_182.sdi.lz4
2026-03-10T20:03:00.231016-00:00 3 [Note] [MY-011825] [Xtrabackup] Compressing performance_schema/events_errors_su_148.sdi to /tmp/backup-lz4/performance_schema/events_errors_su_148.sdi.lz4
2026-03-10T20:03:00.231107-00:00 3 [Note] [MY-011825] [Xtrabackup] Done: Compressing performance_schema/events_errors_su_148.sdi to /tmp/backup-lz4/performance_schema/events_errors_su_148.sdi.lz4
2026-03-10T20:03:00.232117-00:00 3 [Note] [MY-011825] [Xtrabackup] Compressing performance_schema/data_locks_169.sdi to /tmp/backup-lz4/performance_schema/data_locks_169.sdi.lz4
2026-03-10T20:03:00.232220-00:00 3 [Note] [MY-011825] [Xtrabackup] Done: Compressing performance_schema/data_locks_169.sdi to /tmp/backup-lz4/performance_schema/data_locks_169.sdi.lz4
2026-03-10T20:03:00.233245-00:00 3 [Note] [MY-011825] [Xtrabackup] Compressing performance_schema/events_transacti_140.sdi to /tmp/backup-lz4/performance_schema/events_transacti_140.sdi.lz4
2026-03-10T20:03:00.233332-00:00 3 [Note] [MY-011825] [Xtrabackup] Done: Compressing performance_schema/events_transacti_140.sdi to /tmp/backup-lz4/performance_schema/events_transacti_140.sdi.lz4
2026-03-10T20:03:00.234334-00:00 3 [Note] [MY-011825] [Xtrabackup] Compressing performance_schema/events_waits_sum_101.sdi to /tmp/backup-lz4/performance_schema/events_waits_sum_101.sdi.lz4
2026-03-10T20:03:00.234432-00:00 3 [Note] [MY-011825] [Xtrabackup] Done: Compressing performance_schema/events_waits_sum_101.sdi to /tmp/backup-lz4/performance_schema/events_waits_sum_101.sdi.lz4
2026-03-10T20:03:00.235271-00:00 3 [Note] [MY-011825] [Xtrabackup] Compressing performance_schema/malloc_stats_201.sdi to /tmp/backup-lz4/performance_schema/malloc_stats_201.sdi.lz4
2026-03-10T20:03:00.235343-00:00 3 [Note] [MY-011825] [Xtrabackup] Done: Compressing performance_schema/malloc_stats_201.sdi to /tmp/backup-lz4/performance_schema/malloc_stats_201.sdi.lz4
2026-03-10T20:03:00.236396-00:00 3 [Note] [MY-011825] [Xtrabackup] Compressing performance_schema/status_by_thread_188.sdi to /tmp/backup-lz4/performance_schema/status_by_thread_188.sdi.lz4
2026-03-10T20:03:00.236489-00:00 3 [Note] [MY-011825] [Xtrabackup] Done: Compressing performance_schema/status_by_thread_188.sdi to /tmp/backup-lz4/performance_schema/status_by_thread_188.sdi.lz4
2026-03-10T20:03:00.238394-00:00 3 [Note] [MY-011825] [Xtrabackup] Compressing performance_schema/session_variable_194.sdi to /tmp/backup-lz4/performance_schema/session_variable_194.sdi.lz4
2026-03-10T20:03:00.238484-00:00 3 [Note] [MY-011825] [Xtrabackup] Done: Compressing performance_schema/session_variable_194.sdi to /tmp/backup-lz4/performance_schema/session_variable_194.sdi.lz4
2026-03-10T20:03:00.239452-00:00 3 [Note] [MY-011825] [Xtrabackup] Compressing performance_schema/events_stages_su_124.sdi to /tmp/backup-lz4/performance_schema/events_stages_su_124.sdi.lz4
2026-03-10T20:03:00.239541-00:00 3 [Note] [MY-011825] [Xtrabackup] Done: Compressing performance_schema/events_stages_su_124.sdi to /tmp/backup-lz4/performance_schema/events_stages_su_124.sdi.lz4
2026-03-10T20:03:00.240573-00:00 3 [Note] [MY-011825] [Xtrabackup] Compressing performance_schema/accounts_154.sdi to /tmp/backup-lz4/performance_schema/accounts_154.sdi.lz4
2026-03-10T20:03:00.240685-00:00 3 [Note] [MY-011825] [Xtrabackup] Done: Compressing performance_schema/accounts_154.sdi to /tmp/backup-lz4/performance_schema/accounts_154.sdi.lz4
2026-03-10T20:03:00.241589-00:00 3 [Note] [MY-011825] [Xtrabackup] Compressing performance_schema/cond_instances_91.sdi to /tmp/backup-lz4/performance_schema/cond_instances_91.sdi.lz4
2026-03-10T20:03:00.241659-00:00 3 [Note] [MY-011825] [Xtrabackup] Done: Compressing performance_schema/cond_instances_91.sdi to /tmp/backup-lz4/performance_schema/cond_instances_91.sdi.lz4
2026-03-10T20:03:00.242655-00:00 3 [Note] [MY-011825] [Xtrabackup] Compressing performance_schema/socket_summary_b_157.sdi to /tmp/backup-lz4/performance_schema/socket_summary_b_157.sdi.lz4
2026-03-10T20:03:00.242751-00:00 3 [Note] [MY-011825] [Xtrabackup] Done: Compressing performance_schema/socket_summary_b_157.sdi to /tmp/backup-lz4/performance_schema/socket_summary_b_157.sdi.lz4
2026-03-10T20:03:00.243808-00:00 3 [Note] [MY-011825] [Xtrabackup] Compressing performance_schema/events_transacti_147.sdi to /tmp/backup-lz4/performance_schema/events_transacti_147.sdi.lz4
2026-03-10T20:03:00.243932-00:00 3 [Note] [MY-011825] [Xtrabackup] Done: Compressing performance_schema/events_transacti_147.sdi to /tmp/backup-lz4/performance_schema/events_transacti_147.sdi.lz4
2026-03-10T20:03:00.245065-00:00 3 [Note] [MY-011825] [Xtrabackup] Compressing performance_schema/socket_instances_156.sdi to /tmp/backup-lz4/performance_schema/socket_instances_156.sdi.lz4
2026-03-10T20:03:00.245177-00:00 3 [Note] [MY-011825] [Xtrabackup] Done: Compressing performance_schema/socket_instances_156.sdi to /tmp/backup-lz4/performance_schema/socket_instances_156.sdi.lz4
2026-03-10T20:03:00.246340-00:00 3 [Note] [MY-011825] [Xtrabackup] Compressing performance_schema/events_transacti_142.sdi to /tmp/backup-lz4/performance_schema/events_transacti_142.sdi.lz4
2026-03-10T20:03:00.246461-00:00 3 [Note] [MY-011825] [Xtrabackup] Done: Compressing performance_schema/events_transacti_142.sdi to /tmp/backup-lz4/performance_schema/events_transacti_142.sdi.lz4
2026-03-10T20:03:00.247532-00:00 3 [Note] [MY-011825] [Xtrabackup] Compressing performance_schema/persisted_variab_196.sdi to /tmp/backup-lz4/performance_schema/persisted_variab_196.sdi.lz4
2026-03-10T20:03:00.247597-00:00 3 [Note] [MY-011825] [Xtrabackup] Done: Compressing performance_schema/persisted_variab_196.sdi to /tmp/backup-lz4/performance_schema/persisted_variab_196.sdi.lz4
2026-03-10T20:03:00.248501-00:00 3 [Note] [MY-011825] [Xtrabackup] Compressing performance_schema/users_153.sdi to /tmp/backup-lz4/performance_schema/users_153.sdi.lz4
2026-03-10T20:03:00.248579-00:00 3 [Note] [MY-011825] [Xtrabackup] Done: Compressing performance_schema/users_153.sdi to /tmp/backup-lz4/performance_schema/users_153.sdi.lz4
2026-03-10T20:03:00.249581-00:00 3 [Note] [MY-011825] [Xtrabackup] Compressing performance_schema/events_transacti_144.sdi to /tmp/backup-lz4/performance_schema/events_transacti_144.sdi.lz4
2026-03-10T20:03:00.249672-00:00 3 [Note] [MY-011825] [Xtrabackup] Done: Compressing performance_schema/events_transacti_144.sdi to /tmp/backup-lz4/performance_schema/events_transacti_144.sdi.lz4
2026-03-10T20:03:00.250687-00:00 3 [Note] [MY-011825] [Xtrabackup] Compressing performance_schema/memory_summary_g_162.sdi to /tmp/backup-lz4/performance_schema/memory_summary_g_162.sdi.lz4
2026-03-10T20:03:00.250792-00:00 3 [Note] [MY-011825] [Xtrabackup] Done: Compressing performance_schema/memory_summary_g_162.sdi to /tmp/backup-lz4/performance_schema/memory_summary_g_162.sdi.lz4
2026-03-10T20:03:00.251709-00:00 3 [Note] [MY-011825] [Xtrabackup] Compressing performance_schema/variables_info_195.sdi to /tmp/backup-lz4/performance_schema/variables_info_195.sdi.lz4
2026-03-10T20:03:00.251788-00:00 3 [Note] [MY-011825] [Xtrabackup] Done: Compressing performance_schema/variables_info_195.sdi to /tmp/backup-lz4/performance_schema/variables_info_195.sdi.lz4
2026-03-10T20:03:00.252862-00:00 3 [Note] [MY-011825] [Xtrabackup] Compressing performance_schema/pxc_cluster_view_204.sdi to /tmp/backup-lz4/performance_schema/pxc_cluster_view_204.sdi.lz4
2026-03-10T20:03:00.252969-00:00 3 [Note] [MY-011825] [Xtrabackup] Done: Compressing performance_schema/pxc_cluster_view_204.sdi to /tmp/backup-lz4/performance_schema/pxc_cluster_view_204.sdi.lz4
2026-03-10T20:03:00.254303-00:00 3 [Note] [MY-011825] [Xtrabackup] Compressing performance_schema/replication_grou_178.sdi to /tmp/backup-lz4/performance_schema/replication_grou_178.sdi.lz4
2026-03-10T20:03:00.254397-00:00 3 [Note] [MY-011825] [Xtrabackup] Done: Compressing performance_schema/replication_grou_178.sdi to /tmp/backup-lz4/performance_schema/replication_grou_178.sdi.lz4
2026-03-10T20:03:00.255675-00:00 3 [Note] [MY-011825] [Xtrabackup] Compressing performance_schema/events_errors_su_150.sdi to /tmp/backup-lz4/performance_schema/events_errors_su_150.sdi.lz4
2026-03-10T20:03:00.255804-00:00 3 [Note] [MY-011825] [Xtrabackup] Done: Compressing performance_schema/events_errors_su_150.sdi to /tmp/backup-lz4/performance_schema/events_errors_su_150.sdi.lz4
2026-03-10T20:03:00.263267-00:00 3 [Note] [MY-011825] [Xtrabackup] Compressing performance_schema/memory_summary_b_164.sdi to /tmp/backup-lz4/performance_schema/memory_summary_b_164.sdi.lz4
2026-03-10T20:03:00.263446-00:00 3 [Note] [MY-011825] [Xtrabackup] Done: Compressing performance_schema/memory_summary_b_164.sdi to /tmp/backup-lz4/performance_schema/memory_summary_b_164.sdi.lz4
2026-03-10T20:03:00.264636-00:00 3 [Note] [MY-011825] [Xtrabackup] Compressing performance_schema/events_statement_138.sdi to /tmp/backup-lz4/performance_schema/events_statement_138.sdi.lz4
2026-03-10T20:03:00.264719-00:00 3 [Note] [MY-011825] [Xtrabackup] Done: Compressing performance_schema/events_statement_138.sdi to /tmp/backup-lz4/performance_schema/events_statement_138.sdi.lz4
2026-03-10T20:03:00.265919-00:00 3 [Note] [MY-011825] [Xtrabackup] Compressing performance_schema/events_statement_128.sdi to /tmp/backup-lz4/performance_schema/events_statement_128.sdi.lz4
2026-03-10T20:03:00.266033-00:00 3 [Note] [MY-011825] [Xtrabackup] Done: Compressing performance_schema/events_statement_128.sdi to /tmp/backup-lz4/performance_schema/events_statement_128.sdi.lz4
2026-03-10T20:03:00.267044-00:00 3 [Note] [MY-011825] [Xtrabackup] Compressing performance_schema/replication_conn_173.sdi to /tmp/backup-lz4/performance_schema/replication_conn_173.sdi.lz4
2026-03-10T20:03:00.267138-00:00 3 [Note] [MY-011825] [Xtrabackup] Done: Compressing performance_schema/replication_conn_173.sdi to /tmp/backup-lz4/performance_schema/replication_conn_173.sdi.lz4
2026-03-10T20:03:00.268156-00:00 3 [Note] [MY-011825] [Xtrabackup] Compressing performance_schema/setup_instrument_113.sdi to /tmp/backup-lz4/performance_schema/setup_instrument_113.sdi.lz4
2026-03-10T20:03:00.268232-00:00 3 [Note] [MY-011825] [Xtrabackup] Done: Compressing performance_schema/setup_instrument_113.sdi to /tmp/backup-lz4/performance_schema/setup_instrument_113.sdi.lz4
2026-03-10T20:03:00.269492-00:00 3 [Note] [MY-011825] [Xtrabackup] Compressing performance_schema/error_log_92.sdi to /tmp/backup-lz4/performance_schema/error_log_92.sdi.lz4
2026-03-10T20:03:00.269579-00:00 3 [Note] [MY-011825] [Xtrabackup] Done: Compressing performance_schema/error_log_92.sdi to /tmp/backup-lz4/performance_schema/error_log_92.sdi.lz4
2026-03-10T20:03:00.271069-00:00 3 [Note] [MY-011825] [Xtrabackup] Compressing performance_schema/malloc_stats_tot_200.sdi to /tmp/backup-lz4/performance_schema/malloc_stats_tot_200.sdi.lz4
2026-03-10T20:03:00.271165-00:00 3 [Note] [MY-011825] [Xtrabackup] Done: Compressing performance_schema/malloc_stats_tot_200.sdi to /tmp/backup-lz4/performance_schema/malloc_stats_tot_200.sdi.lz4
2026-03-10T20:03:00.272620-00:00 3 [Note] [MY-011825] [Xtrabackup] Compressing performance_schema/events_waits_his_94.sdi to /tmp/backup-lz4/performance_schema/events_waits_his_94.sdi.lz4
2026-03-10T20:03:00.272694-00:00 3 [Note] [MY-011825] [Xtrabackup] Done: Compressing performance_schema/events_waits_his_94.sdi to /tmp/backup-lz4/performance_schema/events_waits_his_94.sdi.lz4
2026-03-10T20:03:00.274609-00:00 3 [Note] [MY-011825] [Xtrabackup] Compressing performance_schema/variables_by_thr_192.sdi to /tmp/backup-lz4/performance_schema/variables_by_thr_192.sdi.lz4
2026-03-10T20:03:00.274676-00:00 3 [Note] [MY-011825] [Xtrabackup] Done: Compressing performance_schema/variables_by_thr_192.sdi to /tmp/backup-lz4/performance_schema/variables_by_thr_192.sdi.lz4
2026-03-10T20:03:00.275888-00:00 3 [Note] [MY-011825] [Xtrabackup] Compressing performance_schema/memory_summary_b_166.sdi to /tmp/backup-lz4/performance_schema/memory_summary_b_166.sdi.lz4
2026-03-10T20:03:00.275995-00:00 3 [Note] [MY-011825] [Xtrabackup] Done: Compressing performance_schema/memory_summary_b_166.sdi to /tmp/backup-lz4/performance_schema/memory_summary_b_166.sdi.lz4
2026-03-10T20:03:00.277504-00:00 3 [Note] [MY-011825] [Xtrabackup] Compressing performance_schema/table_lock_waits_118.sdi to /tmp/backup-lz4/performance_schema/table_lock_waits_118.sdi.lz4
2026-03-10T20:03:00.277606-00:00 3 [Note] [MY-011825] [Xtrabackup] Done: Compressing performance_schema/table_lock_waits_118.sdi to /tmp/backup-lz4/performance_schema/table_lock_waits_118.sdi.lz4
2026-03-10T20:03:00.278996-00:00 3 [Note] [MY-011825] [Xtrabackup] Compressing performance_schema/events_transacti_145.sdi to /tmp/backup-lz4/performance_schema/events_transacti_145.sdi.lz4
2026-03-10T20:03:00.279070-00:00 3 [Note] [MY-011825] [Xtrabackup] Done: Compressing performance_schema/events_transacti_145.sdi to /tmp/backup-lz4/performance_schema/events_transacti_145.sdi.lz4
2026-03-10T20:03:00.280896-00:00 3 [Note] [MY-011825] [Xtrabackup] Compressing performance_schema/events_errors_su_152.sdi to /tmp/backup-lz4/performance_schema/events_errors_su_152.sdi.lz4
2026-03-10T20:03:00.280961-00:00 3 [Note] [MY-011825] [Xtrabackup] Done: Compressing performance_schema/events_errors_su_152.sdi to /tmp/backup-lz4/performance_schema/events_errors_su_152.sdi.lz4
2026-03-10T20:03:00.282430-00:00 3 [Note] [MY-011825] [Xtrabackup] Compressing performance_schema/replication_grou_172.sdi to /tmp/backup-lz4/performance_schema/replication_grou_172.sdi.lz4
2026-03-10T20:03:00.282531-00:00 3 [Note] [MY-011825] [Xtrabackup] Done: Compressing performance_schema/replication_grou_172.sdi to /tmp/backup-lz4/performance_schema/replication_grou_172.sdi.lz4
2026-03-10T20:03:00.284478-00:00 3 [Note] [MY-011825] [Xtrabackup] Compressing performance_schema/tls_channel_stat_199.sdi to /tmp/backup-lz4/performance_schema/tls_channel_stat_199.sdi.lz4
2026-03-10T20:03:00.284565-00:00 3 [Note] [MY-011825] [Xtrabackup] Done: Compressing performance_schema/tls_channel_stat_199.sdi to /tmp/backup-lz4/performance_schema/tls_channel_stat_199.sdi.lz4
2026-03-10T20:03:00.286359-00:00 3 [Note] [MY-011825] [Xtrabackup] Compressing performance_schema/events_stages_cu_120.sdi to /tmp/backup-lz4/performance_schema/events_stages_cu_120.sdi.lz4
2026-03-10T20:03:00.286442-00:00 3 [Note] [MY-011825] [Xtrabackup] Done: Compressing performance_schema/events_stages_cu_120.sdi to /tmp/backup-lz4/performance_schema/events_stages_cu_120.sdi.lz4
2026-03-10T20:03:00.288136-00:00 3 [Note] [MY-011825] [Xtrabackup] Compressing performance_schema/events_waits_sum_96.sdi to /tmp/backup-lz4/performance_schema/events_waits_sum_96.sdi.lz4
2026-03-10T20:03:00.288235-00:00 3 [Note] [MY-011825] [Xtrabackup] Done: Compressing performance_schema/events_waits_sum_96.sdi to /tmp/backup-lz4/performance_schema/events_waits_sum_96.sdi.lz4
2026-03-10T20:03:00.289472-00:00 3 [Note] [MY-011825] [Xtrabackup] Compressing performance_schema/user_defined_fun_197.sdi to /tmp/backup-lz4/performance_schema/user_defined_fun_197.sdi.lz4
2026-03-10T20:03:00.289545-00:00 3 [Note] [MY-011825] [Xtrabackup] Done: Compressing performance_schema/user_defined_fun_197.sdi to /tmp/backup-lz4/performance_schema/user_defined_fun_197.sdi.lz4
2026-03-10T20:03:00.290936-00:00 3 [Note] [MY-011825] [Xtrabackup] Compressing performance_schema/status_by_host_187.sdi to /tmp/backup-lz4/performance_schema/status_by_host_187.sdi.lz4
2026-03-10T20:03:00.291003-00:00 3 [Note] [MY-011825] [Xtrabackup] Done: Compressing performance_schema/status_by_host_187.sdi to /tmp/backup-lz4/performance_schema/status_by_host_187.sdi.lz4
2026-03-10T20:03:00.292756-00:00 3 [Note] [MY-011825] [Xtrabackup] Compressing performance_schema/hosts_155.sdi to /tmp/backup-lz4/performance_schema/hosts_155.sdi.lz4
2026-03-10T20:03:00.292833-00:00 3 [Note] [MY-011825] [Xtrabackup] Done: Compressing performance_schema/hosts_155.sdi to /tmp/backup-lz4/performance_schema/hosts_155.sdi.lz4
2026-03-10T20:03:00.294495-00:00 3 [Note] [MY-011825] [Xtrabackup] Compressing performance_schema/replication_appl_176.sdi to /tmp/backup-lz4/performance_schema/replication_appl_176.sdi.lz4
2026-03-10T20:03:00.294620-00:00 3 [Note] [MY-011825] [Xtrabackup] Done: Compressing performance_schema/replication_appl_176.sdi to /tmp/backup-lz4/performance_schema/replication_appl_176.sdi.lz4
2026-03-10T20:03:00.296083-00:00 3 [Note] [MY-011825] [Xtrabackup] Compressing performance_schema/memory_summary_b_165.sdi to /tmp/backup-lz4/performance_schema/memory_summary_b_165.sdi.lz4
2026-03-10T20:03:00.296207-00:00 3 [Note] [MY-011825] [Xtrabackup] Done: Compressing performance_schema/memory_summary_b_165.sdi to /tmp/backup-lz4/performance_schema/memory_summary_b_165.sdi.lz4
2026-03-10T20:03:00.298072-00:00 3 [Note] [MY-011825] [Xtrabackup] Compressing performance_schema/objects_summary__107.sdi to /tmp/backup-lz4/performance_schema/objects_summary__107.sdi.lz4
2026-03-10T20:03:00.298146-00:00 3 [Note] [MY-011825] [Xtrabackup] Done: Compressing performance_schema/objects_summary__107.sdi to /tmp/backup-lz4/performance_schema/objects_summary__107.sdi.lz4
2026-03-10T20:03:00.299430-00:00 3 [Note] [MY-011825] [Xtrabackup] Compressing performance_schema/events_statement_135.sdi to /tmp/backup-lz4/performance_schema/events_statement_135.sdi.lz4
2026-03-10T20:03:00.299531-00:00 3 [Note] [MY-011825] [Xtrabackup] Done: Compressing performance_schema/events_statement_135.sdi to /tmp/backup-lz4/performance_schema/events_statement_135.sdi.lz4
2026-03-10T20:03:00.301246-00:00 3 [Note] [MY-011825] [Xtrabackup] Compressing performance_schema/events_transacti_141.sdi to /tmp/backup-lz4/performance_schema/events_transacti_141.sdi.lz4
2026-03-10T20:03:00.301339-00:00 3 [Note] [MY-011825] [Xtrabackup] Done: Compressing performance_schema/events_transacti_141.sdi to /tmp/backup-lz4/performance_schema/events_transacti_141.sdi.lz4
2026-03-10T20:03:00.302668-00:00 3 [Note] [MY-011825] [Xtrabackup] Compressing performance_schema/global_variables_193.sdi to /tmp/backup-lz4/performance_schema/global_variables_193.sdi.lz4
2026-03-10T20:03:00.302747-00:00 3 [Note] [MY-011825] [Xtrabackup] Done: Compressing performance_schema/global_variables_193.sdi to /tmp/backup-lz4/performance_schema/global_variables_193.sdi.lz4
2026-03-10T20:03:00.331388-00:00 0 [Note] [MY-011825] [Xtrabackup] Finished backing up non-InnoDB tables and files
2026-03-10T20:03:00.331405-00:00 0 [Note] [MY-011825] [Xtrabackup] Executing FLUSH NO_WRITE_TO_BINLOG BINARY LOGS
2026-03-10T20:03:00.339169-00:00 0 [Note] [MY-011825] [Xtrabackup] Selecting LSN and binary log position from p_s.log_status
2026-03-10T20:03:00.342304-00:00 0 [Note] [MY-011825] [Xtrabackup] Compressing /var/lib/mysql/binlog.000002 to /tmp/backup-lz4/binlog.000002.lz4 up to position 157
2026-03-10T20:03:00.342356-00:00 0 [Note] [MY-011825] [Xtrabackup] Done: Compressing /var/lib/mysql/binlog.000002 to /tmp/backup-lz4/binlog.000002.lz4
2026-03-10T20:03:00.343612-00:00 0 [Note] [MY-011825] [Xtrabackup] Compressing /tmp/backup-lz4/binlog.index.lz4
2026-03-10T20:03:00.343683-00:00 0 [Note] [MY-011825] [Xtrabackup] Done: Compressing file /tmp/backup-lz4/binlog.index.lz4
2026-03-10T20:03:00.346175-00:00 0 [Note] [MY-011825] [Xtrabackup] Compressing /tmp/backup-lz4/xtrabackup_binlog_info.lz4
2026-03-10T20:03:00.346231-00:00 0 [Note] [MY-011825] [Xtrabackup] Done: Compressing file /tmp/backup-lz4/xtrabackup_binlog_info.lz4
2026-03-10T20:03:00.347600-00:00 0 [Note] [MY-011825] [Xtrabackup] Executing FLUSH NO_WRITE_TO_BINLOG ENGINE LOGS...
2026-03-10T20:03:00.350250-00:00 0 [Note] [MY-011825] [Xtrabackup] The latest check point (for incremental): '21460131'
2026-03-10T20:03:00.350261-00:00 0 [Note] [MY-011825] [Xtrabackup] Stopping log copying thread at LSN 168483280
2026-03-10T20:03:00.358184-00:00 0 [Note] [MY-011825] [Xtrabackup] Executing UNLOCK TABLES
2026-03-10T20:03:00.358289-00:00 0 [Note] [MY-011825] [Xtrabackup] All tables unlocked
2026-03-10T20:03:00.358402-00:00 0 [Note] [MY-011825] [Xtrabackup] Compressing ib_buffer_pool to /tmp/backup-lz4/ib_buffer_pool.lz4
2026-03-10T20:03:00.358504-00:00 0 [Note] [MY-011825] [Xtrabackup] Done: Compressing ib_buffer_pool to /tmp/backup-lz4/ib_buffer_pool.lz4
2026-03-10T20:03:00.359508-00:00 0 [Note] [MY-011825] [Xtrabackup] Backup created in directory '/tmp/backup-lz4/'
2026-03-10T20:03:00.359521-00:00 0 [Note] [MY-011825] [Xtrabackup] MySQL binlog position: filename 'binlog.000002', position '157'
2026-03-10T20:03:00.359725-00:00 0 [Note] [MY-011825] [Xtrabackup] Compressing /tmp/backup-lz4/backup-my.cnf.lz4
2026-03-10T20:03:00.359803-00:00 0 [Note] [MY-011825] [Xtrabackup] Done: Compressing file /tmp/backup-lz4/backup-my.cnf.lz4
2026-03-10T20:03:00.361254-00:00 0 [Note] [MY-011825] [Xtrabackup] Compressing /tmp/backup-lz4/xtrabackup_info.lz4
2026-03-10T20:03:00.361299-00:00 0 [Note] [MY-011825] [Xtrabackup] Done: Compressing file /tmp/backup-lz4/xtrabackup_info.lz4
2026-03-10T20:03:01.363416-00:00 0 [Note] [MY-011825] [Xtrabackup] Transaction log of lsn (19095021) to (168483290) was copied.
2026-03-10T20:03:01.574635-00:00 0 [Note] [MY-011825] [Xtrabackup] completed OK!
EXIT_STATUS=0
