2026-03-10T21:42:31.294900-00:00 0 [Note] [MY-011825] [Xtrabackup] recognized server arguments: --datadir=/var/lib/mysql --innodb_flush_log_at_trx_commit=2 --innodb_flush_method=O_DIRECT --innodb_file_per_table=1 
2026-03-10T21:42:31.295109-00:00 0 [Note] [MY-011825] [Xtrabackup] recognized client arguments: --socket=/tmp/mysql.sock --backup=1 --user=root --password=* --compress=lz4 --compress-chunk-size=65534 --target-dir=/tmp/backup-lz4 --no-server-version-check=1 
/usr/bin/pxc_extra/pxb-8.0/bin/xtrabackup version 8.0.35-35 based on MySQL server 8.0.35 Linux (aarch64) (revision id: c9efec73)
Can't locate English.pm in @INC (you may need to install the English module) (@INC contains: /usr/local/lib64/perl5/5.32 /usr/local/share/perl5/5.32 /usr/lib64/perl5/vendor_perl /usr/share/perl5/vendor_perl /usr/lib64/perl5 /usr/share/perl5) at - line 3.
BEGIN failed--compilation aborted at - line 3.
2026-03-10T21:42:31.305846-00:00 0 [Note] [MY-011825] [Xtrabackup] Connecting to MySQL server host: localhost, user: root, password: set, port: not set, socket: /tmp/mysql.sock
2026-03-10T21:42:31.333621-00:00 0 [Note] [MY-011825] [Xtrabackup] Using server version 8.0.45-36.1
2026-03-10T21:42:31.351909-00:00 0 [Note] [MY-011825] [Xtrabackup] Executing LOCK TABLES FOR BACKUP ...
2026-03-10T21:42:31.407564-00:00 0 [Note] [MY-011825] [Xtrabackup] uses posix_fadvise().
2026-03-10T21:42:31.407649-00:00 0 [Note] [MY-011825] [Xtrabackup] cd to /var/lib/mysql
2026-03-10T21:42:31.407700-00:00 0 [Note] [MY-011825] [Xtrabackup] open files limit requested 0, set to 1048576
2026-03-10T21:42:31.409463-00:00 0 [Note] [MY-011825] [Xtrabackup] using the following InnoDB configuration:
2026-03-10T21:42:31.409483-00:00 0 [Note] [MY-011825] [Xtrabackup] innodb_data_home_dir = .
2026-03-10T21:42:31.409488-00:00 0 [Note] [MY-011825] [Xtrabackup] innodb_data_file_path = ibdata1:12M:autoextend
2026-03-10T21:42:31.410266-00:00 0 [Note] [MY-011825] [Xtrabackup] innodb_log_group_home_dir = ./
2026-03-10T21:42:31.410288-00:00 0 [Note] [MY-011825] [Xtrabackup] innodb_log_files_in_group = 2
2026-03-10T21:42:31.410294-00:00 0 [Note] [MY-011825] [Xtrabackup] innodb_log_file_size = 134217728
2026-03-10T21:42:31.410301-00:00 0 [Note] [MY-011825] [Xtrabackup] using O_DIRECT
2026-03-10T21:42:31.415262-00:00 0 [Note] [MY-011825] [Xtrabackup] inititialize_service_handles suceeded
2026-03-10T21:42:31.539710-00:00 0 [Note] [MY-011825] [Xtrabackup] Connecting to MySQL server host: localhost, user: root, password: set, port: not set, socket: /tmp/mysql.sock
2026-03-10T21:42:31.545069-00:00 0 [Note] [MY-011825] [Xtrabackup] Redo Log Archiving is not set up.
2026-03-10T21:42:31.670103-00:00 0 [Note] [MY-011825] [Xtrabackup] Starting to parse redo log at lsn = 19577871
2026-03-10T21:42:31.671605-00:00 0 [Note] [MY-012564] [InnoDB] Recovery parsing buffer extended to 4194304.
2026-03-10T21:42:31.677509-00:00 0 [Note] [MY-012564] [InnoDB] Recovery parsing buffer extended to 8388608.
2026-03-10T21:42:31.873326-00:00 0 [Note] [MY-012953] [InnoDB] Disabling background ibuf IO read threads.
2026-03-10T21:42:31.879172-00:00 1 [Note] [MY-011825] [Xtrabackup] >> log scanned up to (168515437)
2026-03-10T21:42:32.075713-00:00 0 [Note] [MY-011825] [Xtrabackup] Generating a list of tablespaces
2026-03-10T21:42:32.075751-00:00 0 [Note] [MY-012204] [InnoDB] Scanning './'
2026-03-10T21:42:32.078650-00:00 0 [Note] [MY-012208] [InnoDB] Completed space ID check of 2 files.
2026-03-10T21:42:32.079095-00:00 0 [Warning] [MY-012091] [InnoDB] Allocated tablespace ID 5 for pxb3568/t, old maximum was 0
2026-03-10T21:42:32.079832-00:00 0 [Note] [MY-013252] [InnoDB] Using undo tablespace './undo_001'.
2026-03-10T21:42:32.080041-00:00 0 [Note] [MY-013252] [InnoDB] Using undo tablespace './undo_002'.
2026-03-10T21:42:32.080781-00:00 0 [Note] [MY-012910] [InnoDB] Opened 2 existing undo tablespaces.
2026-03-10T21:42:32.081192-00:00 2 [Note] [MY-011825] [Xtrabackup] Compressing ./ibdata1 to /tmp/backup-lz4/ibdata1.lz4
2026-03-10T21:42:32.100928-00:00 2 [Note] [MY-011825] [Xtrabackup] Done: Compressing ./ibdata1 to /tmp/backup-lz4/ibdata1.lz4
2026-03-10T21:42:32.103266-00:00 2 [Note] [MY-011825] [Xtrabackup] Compressing ./sys/sys_config.ibd to /tmp/backup-lz4/sys/sys_config.ibd.lz4
2026-03-10T21:42:32.103521-00:00 2 [Note] [MY-011825] [Xtrabackup] Done: Compressing ./sys/sys_config.ibd to /tmp/backup-lz4/sys/sys_config.ibd.lz4
2026-03-10T21:42:32.104909-00:00 2 [Note] [MY-011825] [Xtrabackup] Compressing ./mysql/wsrep_cluster.ibd to /tmp/backup-lz4/mysql/wsrep_cluster.ibd.lz4
2026-03-10T21:42:32.105143-00:00 2 [Note] [MY-011825] [Xtrabackup] Done: Compressing ./mysql/wsrep_cluster.ibd to /tmp/backup-lz4/mysql/wsrep_cluster.ibd.lz4
2026-03-10T21:42:32.106454-00:00 2 [Note] [MY-011825] [Xtrabackup] Compressing ./mysql/wsrep_cluster_members.ibd to /tmp/backup-lz4/mysql/wsrep_cluster_members.ibd.lz4
2026-03-10T21:42:32.106643-00:00 2 [Note] [MY-011825] [Xtrabackup] Done: Compressing ./mysql/wsrep_cluster_members.ibd to /tmp/backup-lz4/mysql/wsrep_cluster_members.ibd.lz4
2026-03-10T21:42:32.107655-00:00 2 [Note] [MY-011825] [Xtrabackup] Compressing ./mysql/wsrep_streaming_log.ibd to /tmp/backup-lz4/mysql/wsrep_streaming_log.ibd.lz4
2026-03-10T21:42:32.107845-00:00 2 [Note] [MY-011825] [Xtrabackup] Done: Compressing ./mysql/wsrep_streaming_log.ibd to /tmp/backup-lz4/mysql/wsrep_streaming_log.ibd.lz4
2026-03-10T21:42:32.108947-00:00 2 [Note] [MY-011825] [Xtrabackup] Compressing ./pxb3568/t.ibd to /tmp/backup-lz4/pxb3568/t.ibd.lz4
2026-03-10T21:42:32.178384-00:00 2 [Note] [MY-011825] [Xtrabackup] Done: Compressing ./pxb3568/t.ibd to /tmp/backup-lz4/pxb3568/t.ibd.lz4
2026-03-10T21:42:32.181551-00:00 2 [Note] [MY-011825] [Xtrabackup] Compressing ./mysql.ibd to /tmp/backup-lz4/mysql.ibd.lz4
2026-03-10T21:42:32.221173-00:00 2 [Note] [MY-011825] [Xtrabackup] Done: Compressing ./mysql.ibd to /tmp/backup-lz4/mysql.ibd.lz4
2026-03-10T21:42:32.231288-00:00 2 [Note] [MY-011825] [Xtrabackup] Compressing ./undo_002 to /tmp/backup-lz4/undo_002.lz4
2026-03-10T21:42:32.253292-00:00 2 [Note] [MY-011825] [Xtrabackup] Done: Compressing ./undo_002 to /tmp/backup-lz4/undo_002.lz4
2026-03-10T21:42:32.255537-00:00 2 [Note] [MY-011825] [Xtrabackup] Compressing ./undo_001 to /tmp/backup-lz4/undo_001.lz4
2026-03-10T21:42:32.278141-00:00 2 [Note] [MY-011825] [Xtrabackup] Done: Compressing ./undo_001 to /tmp/backup-lz4/undo_001.lz4
2026-03-10T21:42:32.879570-00:00 1 [Note] [MY-011825] [Xtrabackup] >> log scanned up to (168515816)
2026-03-10T21:42:33.081797-00:00 0 [Note] [MY-011825] [Xtrabackup] Starting to backup non-InnoDB tables and files
2026-03-10T21:42:33.082371-00:00 3 [Note] [MY-011825] [Xtrabackup] Compressing mysql/general_log.CSV to /tmp/backup-lz4/mysql/general_log.CSV.lz4
2026-03-10T21:42:33.082387-00:00 3 [Note] [MY-011825] [Xtrabackup] Done: Compressing mysql/general_log.CSV to /tmp/backup-lz4/mysql/general_log.CSV.lz4
2026-03-10T21:42:33.084374-00:00 3 [Note] [MY-011825] [Xtrabackup] Compressing mysql/slow_log_227.sdi to /tmp/backup-lz4/mysql/slow_log_227.sdi.lz4
2026-03-10T21:42:33.084552-00:00 3 [Note] [MY-011825] [Xtrabackup] Done: Compressing mysql/slow_log_227.sdi to /tmp/backup-lz4/mysql/slow_log_227.sdi.lz4
2026-03-10T21:42:33.085811-00:00 3 [Note] [MY-011825] [Xtrabackup] Compressing mysql/general_log.CSM to /tmp/backup-lz4/mysql/general_log.CSM.lz4
2026-03-10T21:42:33.085891-00:00 3 [Note] [MY-011825] [Xtrabackup] Done: Compressing mysql/general_log.CSM to /tmp/backup-lz4/mysql/general_log.CSM.lz4
2026-03-10T21:42:33.087165-00:00 3 [Note] [MY-011825] [Xtrabackup] Compressing mysql/slow_log.CSM to /tmp/backup-lz4/mysql/slow_log.CSM.lz4
2026-03-10T21:42:33.087217-00:00 3 [Note] [MY-011825] [Xtrabackup] Done: Compressing mysql/slow_log.CSM to /tmp/backup-lz4/mysql/slow_log.CSM.lz4
2026-03-10T21:42:33.088147-00:00 3 [Note] [MY-011825] [Xtrabackup] Compressing mysql/slow_log.CSV to /tmp/backup-lz4/mysql/slow_log.CSV.lz4
2026-03-10T21:42:33.088157-00:00 3 [Note] [MY-011825] [Xtrabackup] Done: Compressing mysql/slow_log.CSV to /tmp/backup-lz4/mysql/slow_log.CSV.lz4
2026-03-10T21:42:33.089084-00:00 3 [Note] [MY-011825] [Xtrabackup] Compressing mysql/general_log_226.sdi to /tmp/backup-lz4/mysql/general_log_226.sdi.lz4
2026-03-10T21:42:33.089177-00:00 3 [Note] [MY-011825] [Xtrabackup] Done: Compressing mysql/general_log_226.sdi to /tmp/backup-lz4/mysql/general_log_226.sdi.lz4
2026-03-10T21:42:33.090325-00:00 3 [Note] [MY-011825] [Xtrabackup] Compressing performance_schema/file_summary_by__103.sdi to /tmp/backup-lz4/performance_schema/file_summary_by__103.sdi.lz4
2026-03-10T21:42:33.090474-00:00 3 [Note] [MY-011825] [Xtrabackup] Done: Compressing performance_schema/file_summary_by__103.sdi to /tmp/backup-lz4/performance_schema/file_summary_by__103.sdi.lz4
2026-03-10T21:42:33.091761-00:00 3 [Note] [MY-011825] [Xtrabackup] Compressing performance_schema/events_statement_139.sdi to /tmp/backup-lz4/performance_schema/events_statement_139.sdi.lz4
2026-03-10T21:42:33.091893-00:00 3 [Note] [MY-011825] [Xtrabackup] Done: Compressing performance_schema/events_statement_139.sdi to /tmp/backup-lz4/performance_schema/events_statement_139.sdi.lz4
2026-03-10T21:42:33.092841-00:00 3 [Note] [MY-011825] [Xtrabackup] Compressing performance_schema/events_stages_hi_122.sdi to /tmp/backup-lz4/performance_schema/events_stages_hi_122.sdi.lz4
2026-03-10T21:42:33.092972-00:00 3 [Note] [MY-011825] [Xtrabackup] Done: Compressing performance_schema/events_stages_hi_122.sdi to /tmp/backup-lz4/performance_schema/events_stages_hi_122.sdi.lz4
2026-03-10T21:42:33.094092-00:00 3 [Note] [MY-011825] [Xtrabackup] Compressing performance_schema/events_transacti_146.sdi to /tmp/backup-lz4/performance_schema/events_transacti_146.sdi.lz4
2026-03-10T21:42:33.094189-00:00 3 [Note] [MY-011825] [Xtrabackup] Done: Compressing performance_schema/events_transacti_146.sdi to /tmp/backup-lz4/performance_schema/events_transacti_146.sdi.lz4
2026-03-10T21:42:33.095359-00:00 3 [Note] [MY-011825] [Xtrabackup] Compressing performance_schema/processlist_109.sdi to /tmp/backup-lz4/performance_schema/processlist_109.sdi.lz4
2026-03-10T21:42:33.095497-00:00 3 [Note] [MY-011825] [Xtrabackup] Done: Compressing performance_schema/processlist_109.sdi to /tmp/backup-lz4/performance_schema/processlist_109.sdi.lz4
2026-03-10T21:42:33.096645-00:00 3 [Note] [MY-011825] [Xtrabackup] Compressing performance_schema/table_handles_167.sdi to /tmp/backup-lz4/performance_schema/table_handles_167.sdi.lz4
2026-03-10T21:42:33.096767-00:00 3 [Note] [MY-011825] [Xtrabackup] Done: Compressing performance_schema/table_handles_167.sdi to /tmp/backup-lz4/performance_schema/table_handles_167.sdi.lz4
2026-03-10T21:42:33.098077-00:00 3 [Note] [MY-011825] [Xtrabackup] Compressing performance_schema/events_waits_sum_99.sdi to /tmp/backup-lz4/performance_schema/events_waits_sum_99.sdi.lz4
2026-03-10T21:42:33.098175-00:00 3 [Note] [MY-011825] [Xtrabackup] Done: Compressing performance_schema/events_waits_sum_99.sdi to /tmp/backup-lz4/performance_schema/events_waits_sum_99.sdi.lz4
2026-03-10T21:42:33.099204-00:00 3 [Note] [MY-011825] [Xtrabackup] Compressing performance_schema/binary_log_trans_198.sdi to /tmp/backup-lz4/performance_schema/binary_log_trans_198.sdi.lz4
2026-03-10T21:42:33.099327-00:00 3 [Note] [MY-011825] [Xtrabackup] Done: Compressing performance_schema/binary_log_trans_198.sdi to /tmp/backup-lz4/performance_schema/binary_log_trans_198.sdi.lz4
2026-03-10T21:42:33.103670-00:00 3 [Note] [MY-011825] [Xtrabackup] Compressing performance_schema/socket_summary_b_158.sdi to /tmp/backup-lz4/performance_schema/socket_summary_b_158.sdi.lz4
2026-03-10T21:42:33.103835-00:00 3 [Note] [MY-011825] [Xtrabackup] Done: Compressing performance_schema/socket_summary_b_158.sdi to /tmp/backup-lz4/performance_schema/socket_summary_b_158.sdi.lz4
2026-03-10T21:42:33.104805-00:00 3 [Note] [MY-011825] [Xtrabackup] Compressing performance_schema/log_status_183.sdi to /tmp/backup-lz4/performance_schema/log_status_183.sdi.lz4
2026-03-10T21:42:33.104905-00:00 3 [Note] [MY-011825] [Xtrabackup] Done: Compressing performance_schema/log_status_183.sdi to /tmp/backup-lz4/performance_schema/log_status_183.sdi.lz4
2026-03-10T21:42:33.105925-00:00 3 [Note] [MY-011825] [Xtrabackup] Compressing performance_schema/host_cache_105.sdi to /tmp/backup-lz4/performance_schema/host_cache_105.sdi.lz4
2026-03-10T21:42:33.106027-00:00 3 [Note] [MY-011825] [Xtrabackup] Done: Compressing performance_schema/host_cache_105.sdi to /tmp/backup-lz4/performance_schema/host_cache_105.sdi.lz4
2026-03-10T21:42:33.107174-00:00 3 [Note] [MY-011825] [Xtrabackup] Compressing performance_schema/keyring_keys_161.sdi to /tmp/backup-lz4/performance_schema/keyring_keys_161.sdi.lz4
2026-03-10T21:42:33.107343-00:00 3 [Note] [MY-011825] [Xtrabackup] Done: Compressing performance_schema/keyring_keys_161.sdi to /tmp/backup-lz4/performance_schema/keyring_keys_161.sdi.lz4
2026-03-10T21:42:33.108421-00:00 3 [Note] [MY-011825] [Xtrabackup] Compressing performance_schema/account_failed_l_203.sdi to /tmp/backup-lz4/performance_schema/account_failed_l_203.sdi.lz4
2026-03-10T21:42:33.108517-00:00 3 [Note] [MY-011825] [Xtrabackup] Done: Compressing performance_schema/account_failed_l_203.sdi to /tmp/backup-lz4/performance_schema/account_failed_l_203.sdi.lz4
2026-03-10T21:42:33.109543-00:00 3 [Note] [MY-011825] [Xtrabackup] Compressing performance_schema/replication_appl_175.sdi to /tmp/backup-lz4/performance_schema/replication_appl_175.sdi.lz4
2026-03-10T21:42:33.109632-00:00 3 [Note] [MY-011825] [Xtrabackup] Done: Compressing performance_schema/replication_appl_175.sdi to /tmp/backup-lz4/performance_schema/replication_appl_175.sdi.lz4
2026-03-10T21:42:33.110612-00:00 3 [Note] [MY-011825] [Xtrabackup] Compressing performance_schema/session_connect__159.sdi to /tmp/backup-lz4/performance_schema/session_connect__159.sdi.lz4
2026-03-10T21:42:33.110700-00:00 3 [Note] [MY-011825] [Xtrabackup] Done: Compressing performance_schema/session_connect__159.sdi to /tmp/backup-lz4/performance_schema/session_connect__159.sdi.lz4
2026-03-10T21:42:33.111707-00:00 3 [Note] [MY-011825] [Xtrabackup] Compressing performance_schema/replication_appl_174.sdi to /tmp/backup-lz4/performance_schema/replication_appl_174.sdi.lz4
2026-03-10T21:42:33.111787-00:00 3 [Note] [MY-011825] [Xtrabackup] Done: Compressing performance_schema/replication_appl_174.sdi to /tmp/backup-lz4/performance_schema/replication_appl_174.sdi.lz4
2026-03-10T21:42:33.112880-00:00 3 [Note] [MY-011825] [Xtrabackup] Compressing performance_schema/replication_appl_177.sdi to /tmp/backup-lz4/performance_schema/replication_appl_177.sdi.lz4
2026-03-10T21:42:33.113003-00:00 3 [Note] [MY-011825] [Xtrabackup] Done: Compressing performance_schema/replication_appl_177.sdi to /tmp/backup-lz4/performance_schema/replication_appl_177.sdi.lz4
2026-03-10T21:42:33.114000-00:00 3 [Note] [MY-011825] [Xtrabackup] Compressing performance_schema/setup_actors_111.sdi to /tmp/backup-lz4/performance_schema/setup_actors_111.sdi.lz4
2026-03-10T21:42:33.114078-00:00 3 [Note] [MY-011825] [Xtrabackup] Done: Compressing performance_schema/setup_actors_111.sdi to /tmp/backup-lz4/performance_schema/setup_actors_111.sdi.lz4
2026-03-10T21:42:33.115094-00:00 3 [Note] [MY-011825] [Xtrabackup] Compressing performance_schema/events_waits_sum_97.sdi to /tmp/backup-lz4/performance_schema/events_waits_sum_97.sdi.lz4
2026-03-10T21:42:33.115178-00:00 3 [Note] [MY-011825] [Xtrabackup] Done: Compressing performance_schema/events_waits_sum_97.sdi to /tmp/backup-lz4/performance_schema/events_waits_sum_97.sdi.lz4
2026-03-10T21:42:33.116377-00:00 3 [Note] [MY-011825] [Xtrabackup] Compressing performance_schema/events_errors_su_149.sdi to /tmp/backup-lz4/performance_schema/events_errors_su_149.sdi.lz4
2026-03-10T21:42:33.116472-00:00 3 [Note] [MY-011825] [Xtrabackup] Done: Compressing performance_schema/events_errors_su_149.sdi to /tmp/backup-lz4/performance_schema/events_errors_su_149.sdi.lz4
2026-03-10T21:42:33.117496-00:00 3 [Note] [MY-011825] [Xtrabackup] Compressing performance_schema/replication_appl_179.sdi to /tmp/backup-lz4/performance_schema/replication_appl_179.sdi.lz4
2026-03-10T21:42:33.117600-00:00 3 [Note] [MY-011825] [Xtrabackup] Done: Compressing performance_schema/replication_appl_179.sdi to /tmp/backup-lz4/performance_schema/replication_appl_179.sdi.lz4
2026-03-10T21:42:33.118784-00:00 3 [Note] [MY-011825] [Xtrabackup] Compressing performance_schema/table_io_waits_s_116.sdi to /tmp/backup-lz4/performance_schema/table_io_waits_s_116.sdi.lz4
2026-03-10T21:42:33.118994-00:00 3 [Note] [MY-011825] [Xtrabackup] Done: Compressing performance_schema/table_io_waits_s_116.sdi to /tmp/backup-lz4/performance_schema/table_io_waits_s_116.sdi.lz4
2026-03-10T21:42:33.120152-00:00 3 [Note] [MY-011825] [Xtrabackup] Compressing performance_schema/replication_conn_171.sdi to /tmp/backup-lz4/performance_schema/replication_conn_171.sdi.lz4
2026-03-10T21:42:33.120370-00:00 3 [Note] [MY-011825] [Xtrabackup] Done: Compressing performance_schema/replication_conn_171.sdi to /tmp/backup-lz4/performance_schema/replication_conn_171.sdi.lz4
2026-03-10T21:42:33.121457-00:00 3 [Note] [MY-011825] [Xtrabackup] Compressing performance_schema/global_status_190.sdi to /tmp/backup-lz4/performance_schema/global_status_190.sdi.lz4
2026-03-10T21:42:33.121565-00:00 3 [Note] [MY-011825] [Xtrabackup] Done: Compressing performance_schema/global_status_190.sdi to /tmp/backup-lz4/performance_schema/global_status_190.sdi.lz4
2026-03-10T21:42:33.122501-00:00 3 [Note] [MY-011825] [Xtrabackup] Compressing performance_schema/status_by_user_189.sdi to /tmp/backup-lz4/performance_schema/status_by_user_189.sdi.lz4
2026-03-10T21:42:33.122581-00:00 3 [Note] [MY-011825] [Xtrabackup] Done: Compressing performance_schema/status_by_user_189.sdi to /tmp/backup-lz4/performance_schema/status_by_user_189.sdi.lz4
2026-03-10T21:42:33.123642-00:00 3 [Note] [MY-011825] [Xtrabackup] Compressing performance_schema/keyring_componen_202.sdi to /tmp/backup-lz4/performance_schema/keyring_componen_202.sdi.lz4
2026-03-10T21:42:33.123737-00:00 3 [Note] [MY-011825] [Xtrabackup] Done: Compressing performance_schema/keyring_componen_202.sdi to /tmp/backup-lz4/performance_schema/keyring_componen_202.sdi.lz4
2026-03-10T21:42:33.124737-00:00 3 [Note] [MY-011825] [Xtrabackup] Compressing performance_schema/mutex_instances_106.sdi to /tmp/backup-lz4/performance_schema/mutex_instances_106.sdi.lz4
2026-03-10T21:42:33.124817-00:00 3 [Note] [MY-011825] [Xtrabackup] Done: Compressing performance_schema/mutex_instances_106.sdi to /tmp/backup-lz4/performance_schema/mutex_instances_106.sdi.lz4
2026-03-10T21:42:33.125776-00:00 3 [Note] [MY-011825] [Xtrabackup] Compressing performance_schema/status_by_accoun_186.sdi to /tmp/backup-lz4/performance_schema/status_by_accoun_186.sdi.lz4
2026-03-10T21:42:33.125839-00:00 3 [Note] [MY-011825] [Xtrabackup] Done: Compressing performance_schema/status_by_accoun_186.sdi to /tmp/backup-lz4/performance_schema/status_by_accoun_186.sdi.lz4
2026-03-10T21:42:33.126691-00:00 3 [Note] [MY-011825] [Xtrabackup] Compressing performance_schema/events_waits_sum_98.sdi to /tmp/backup-lz4/performance_schema/events_waits_sum_98.sdi.lz4
2026-03-10T21:42:33.126782-00:00 3 [Note] [MY-011825] [Xtrabackup] Done: Compressing performance_schema/events_waits_sum_98.sdi to /tmp/backup-lz4/performance_schema/events_waits_sum_98.sdi.lz4
2026-03-10T21:42:33.127709-00:00 3 [Note] [MY-011825] [Xtrabackup] Compressing performance_schema/events_statement_136.sdi to /tmp/backup-lz4/performance_schema/events_statement_136.sdi.lz4
2026-03-10T21:42:33.127910-00:00 3 [Note] [MY-011825] [Xtrabackup] Done: Compressing performance_schema/events_statement_136.sdi to /tmp/backup-lz4/performance_schema/events_statement_136.sdi.lz4
2026-03-10T21:42:33.129015-00:00 3 [Note] [MY-011825] [Xtrabackup] Compressing performance_schema/replication_appl_180.sdi to /tmp/backup-lz4/performance_schema/replication_appl_180.sdi.lz4
2026-03-10T21:42:33.129099-00:00 3 [Note] [MY-011825] [Xtrabackup] Done: Compressing performance_schema/replication_appl_180.sdi to /tmp/backup-lz4/performance_schema/replication_appl_180.sdi.lz4
2026-03-10T21:42:33.130279-00:00 3 [Note] [MY-011825] [Xtrabackup] Compressing performance_schema/metadata_locks_168.sdi to /tmp/backup-lz4/performance_schema/metadata_locks_168.sdi.lz4
2026-03-10T21:42:33.130420-00:00 3 [Note] [MY-011825] [Xtrabackup] Done: Compressing performance_schema/metadata_locks_168.sdi to /tmp/backup-lz4/performance_schema/metadata_locks_168.sdi.lz4
2026-03-10T21:42:33.131434-00:00 3 [Note] [MY-011825] [Xtrabackup] Compressing performance_schema/events_stages_su_125.sdi to /tmp/backup-lz4/performance_schema/events_stages_su_125.sdi.lz4
2026-03-10T21:42:33.131536-00:00 3 [Note] [MY-011825] [Xtrabackup] Done: Compressing performance_schema/events_stages_su_125.sdi to /tmp/backup-lz4/performance_schema/events_stages_su_125.sdi.lz4
2026-03-10T21:42:33.132507-00:00 3 [Note] [MY-011825] [Xtrabackup] Compressing performance_schema/file_instances_102.sdi to /tmp/backup-lz4/performance_schema/file_instances_102.sdi.lz4
2026-03-10T21:42:33.132586-00:00 3 [Note] [MY-011825] [Xtrabackup] Done: Compressing performance_schema/file_instances_102.sdi to /tmp/backup-lz4/performance_schema/file_instances_102.sdi.lz4
2026-03-10T21:42:33.133589-00:00 3 [Note] [MY-011825] [Xtrabackup] Compressing performance_schema/setup_threads_115.sdi to /tmp/backup-lz4/performance_schema/setup_threads_115.sdi.lz4
2026-03-10T21:42:33.133660-00:00 3 [Note] [MY-011825] [Xtrabackup] Done: Compressing performance_schema/setup_threads_115.sdi to /tmp/backup-lz4/performance_schema/setup_threads_115.sdi.lz4
2026-03-10T21:42:33.134511-00:00 3 [Note] [MY-011825] [Xtrabackup] Compressing performance_schema/events_errors_su_151.sdi to /tmp/backup-lz4/performance_schema/events_errors_su_151.sdi.lz4
2026-03-10T21:42:33.134591-00:00 3 [Note] [MY-011825] [Xtrabackup] Done: Compressing performance_schema/events_errors_su_151.sdi to /tmp/backup-lz4/performance_schema/events_errors_su_151.sdi.lz4
2026-03-10T21:42:33.135654-00:00 3 [Note] [MY-011825] [Xtrabackup] Compressing performance_schema/events_waits_his_95.sdi to /tmp/backup-lz4/performance_schema/events_waits_his_95.sdi.lz4
2026-03-10T21:42:33.135807-00:00 3 [Note] [MY-011825] [Xtrabackup] Done: Compressing performance_schema/events_waits_his_95.sdi to /tmp/backup-lz4/performance_schema/events_waits_his_95.sdi.lz4
2026-03-10T21:42:33.136855-00:00 3 [Note] [MY-011825] [Xtrabackup] Compressing performance_schema/events_statement_133.sdi to /tmp/backup-lz4/performance_schema/events_statement_133.sdi.lz4
2026-03-10T21:42:33.137023-00:00 3 [Note] [MY-011825] [Xtrabackup] Done: Compressing performance_schema/events_statement_133.sdi to /tmp/backup-lz4/performance_schema/events_statement_133.sdi.lz4
2026-03-10T21:42:33.138247-00:00 3 [Note] [MY-011825] [Xtrabackup] Compressing performance_schema/events_stages_su_126.sdi to /tmp/backup-lz4/performance_schema/events_stages_su_126.sdi.lz4
2026-03-10T21:42:33.138388-00:00 3 [Note] [MY-011825] [Xtrabackup] Done: Compressing performance_schema/events_stages_su_126.sdi to /tmp/backup-lz4/performance_schema/events_stages_su_126.sdi.lz4
2026-03-10T21:42:33.139434-00:00 3 [Note] [MY-011825] [Xtrabackup] Compressing performance_schema/memory_summary_b_163.sdi to /tmp/backup-lz4/performance_schema/memory_summary_b_163.sdi.lz4
2026-03-10T21:42:33.139548-00:00 3 [Note] [MY-011825] [Xtrabackup] Done: Compressing performance_schema/memory_summary_b_163.sdi to /tmp/backup-lz4/performance_schema/memory_summary_b_163.sdi.lz4
2026-03-10T21:42:33.140555-00:00 3 [Note] [MY-011825] [Xtrabackup] Compressing performance_schema/setup_consumers_112.sdi to /tmp/backup-lz4/performance_schema/setup_consumers_112.sdi.lz4
2026-03-10T21:42:33.140623-00:00 3 [Note] [MY-011825] [Xtrabackup] Done: Compressing performance_schema/setup_consumers_112.sdi to /tmp/backup-lz4/performance_schema/setup_consumers_112.sdi.lz4
2026-03-10T21:42:33.141441-00:00 3 [Note] [MY-011825] [Xtrabackup] Compressing performance_schema/events_transacti_143.sdi to /tmp/backup-lz4/performance_schema/events_transacti_143.sdi.lz4
2026-03-10T21:42:33.141522-00:00 3 [Note] [MY-011825] [Xtrabackup] Done: Compressing performance_schema/events_transacti_143.sdi to /tmp/backup-lz4/performance_schema/events_transacti_143.sdi.lz4
2026-03-10T21:42:33.142469-00:00 3 [Note] [MY-011825] [Xtrabackup] Compressing performance_schema/performance_time_108.sdi to /tmp/backup-lz4/performance_schema/performance_time_108.sdi.lz4
2026-03-10T21:42:33.142557-00:00 3 [Note] [MY-011825] [Xtrabackup] Done: Compressing performance_schema/performance_time_108.sdi to /tmp/backup-lz4/performance_schema/performance_time_108.sdi.lz4
2026-03-10T21:42:33.143443-00:00 3 [Note] [MY-011825] [Xtrabackup] Compressing performance_schema/file_summary_by__104.sdi to /tmp/backup-lz4/performance_schema/file_summary_by__104.sdi.lz4
2026-03-10T21:42:33.143550-00:00 3 [Note] [MY-011825] [Xtrabackup] Done: Compressing performance_schema/file_summary_by__104.sdi to /tmp/backup-lz4/performance_schema/file_summary_by__104.sdi.lz4
2026-03-10T21:42:33.144523-00:00 3 [Note] [MY-011825] [Xtrabackup] Compressing performance_schema/user_variables_b_185.sdi to /tmp/backup-lz4/performance_schema/user_variables_b_185.sdi.lz4
2026-03-10T21:42:33.144591-00:00 3 [Note] [MY-011825] [Xtrabackup] Done: Compressing performance_schema/user_variables_b_185.sdi to /tmp/backup-lz4/performance_schema/user_variables_b_185.sdi.lz4
2026-03-10T21:42:33.145506-00:00 3 [Note] [MY-011825] [Xtrabackup] Compressing performance_schema/session_account__160.sdi to /tmp/backup-lz4/performance_schema/session_account__160.sdi.lz4
2026-03-10T21:42:33.145587-00:00 3 [Note] [MY-011825] [Xtrabackup] Done: Compressing performance_schema/session_account__160.sdi to /tmp/backup-lz4/performance_schema/session_account__160.sdi.lz4
2026-03-10T21:42:33.146635-00:00 3 [Note] [MY-011825] [Xtrabackup] Compressing performance_schema/events_stages_su_123.sdi to /tmp/backup-lz4/performance_schema/events_stages_su_123.sdi.lz4
2026-03-10T21:42:33.146736-00:00 3 [Note] [MY-011825] [Xtrabackup] Done: Compressing performance_schema/events_stages_su_123.sdi to /tmp/backup-lz4/performance_schema/events_stages_su_123.sdi.lz4
2026-03-10T21:42:33.147611-00:00 3 [Note] [MY-011825] [Xtrabackup] Compressing performance_schema/threads_119.sdi to /tmp/backup-lz4/performance_schema/threads_119.sdi.lz4
2026-03-10T21:42:33.147705-00:00 3 [Note] [MY-011825] [Xtrabackup] Done: Compressing performance_schema/threads_119.sdi to /tmp/backup-lz4/performance_schema/threads_119.sdi.lz4
2026-03-10T21:42:33.148636-00:00 3 [Note] [MY-011825] [Xtrabackup] Compressing performance_schema/table_io_waits_s_117.sdi to /tmp/backup-lz4/performance_schema/table_io_waits_s_117.sdi.lz4
2026-03-10T21:42:33.148766-00:00 3 [Note] [MY-011825] [Xtrabackup] Done: Compressing performance_schema/table_io_waits_s_117.sdi to /tmp/backup-lz4/performance_schema/table_io_waits_s_117.sdi.lz4
2026-03-10T21:42:33.149936-00:00 3 [Note] [MY-011825] [Xtrabackup] Compressing performance_schema/events_statement_132.sdi to /tmp/backup-lz4/performance_schema/events_statement_132.sdi.lz4
2026-03-10T21:42:33.150109-00:00 3 [Note] [MY-011825] [Xtrabackup] Done: Compressing performance_schema/events_statement_132.sdi to /tmp/backup-lz4/performance_schema/events_statement_132.sdi.lz4
2026-03-10T21:42:33.151223-00:00 3 [Note] [MY-011825] [Xtrabackup] Compressing performance_schema/replication_asyn_181.sdi to /tmp/backup-lz4/performance_schema/replication_asyn_181.sdi.lz4
2026-03-10T21:42:33.151315-00:00 3 [Note] [MY-011825] [Xtrabackup] Done: Compressing performance_schema/replication_asyn_181.sdi to /tmp/backup-lz4/performance_schema/replication_asyn_181.sdi.lz4
2026-03-10T21:42:33.152353-00:00 3 [Note] [MY-011825] [Xtrabackup] Compressing performance_schema/data_lock_waits_170.sdi to /tmp/backup-lz4/performance_schema/data_lock_waits_170.sdi.lz4
2026-03-10T21:42:33.152445-00:00 3 [Note] [MY-011825] [Xtrabackup] Done: Compressing performance_schema/data_lock_waits_170.sdi to /tmp/backup-lz4/performance_schema/data_lock_waits_170.sdi.lz4
2026-03-10T21:42:33.153467-00:00 3 [Note] [MY-011825] [Xtrabackup] Compressing performance_schema/events_statement_129.sdi to /tmp/backup-lz4/performance_schema/events_statement_129.sdi.lz4
2026-03-10T21:42:33.153697-00:00 3 [Note] [MY-011825] [Xtrabackup] Done: Compressing performance_schema/events_statement_129.sdi to /tmp/backup-lz4/performance_schema/events_statement_129.sdi.lz4
2026-03-10T21:42:33.154792-00:00 3 [Note] [MY-011825] [Xtrabackup] Compressing performance_schema/setup_objects_114.sdi to /tmp/backup-lz4/performance_schema/setup_objects_114.sdi.lz4
2026-03-10T21:42:33.154859-00:00 3 [Note] [MY-011825] [Xtrabackup] Done: Compressing performance_schema/setup_objects_114.sdi to /tmp/backup-lz4/performance_schema/setup_objects_114.sdi.lz4
2026-03-10T21:42:33.155795-00:00 3 [Note] [MY-011825] [Xtrabackup] Compressing performance_schema/events_waits_sum_100.sdi to /tmp/backup-lz4/performance_schema/events_waits_sum_100.sdi.lz4
2026-03-10T21:42:33.155880-00:00 3 [Note] [MY-011825] [Xtrabackup] Done: Compressing performance_schema/events_waits_sum_100.sdi to /tmp/backup-lz4/performance_schema/events_waits_sum_100.sdi.lz4
2026-03-10T21:42:33.156921-00:00 3 [Note] [MY-011825] [Xtrabackup] Compressing performance_schema/prepared_stateme_184.sdi to /tmp/backup-lz4/performance_schema/prepared_stateme_184.sdi.lz4
2026-03-10T21:42:33.157039-00:00 3 [Note] [MY-011825] [Xtrabackup] Done: Compressing performance_schema/prepared_stateme_184.sdi to /tmp/backup-lz4/performance_schema/prepared_stateme_184.sdi.lz4
2026-03-10T21:42:33.158061-00:00 3 [Note] [MY-011825] [Xtrabackup] Compressing performance_schema/events_waits_cur_93.sdi to /tmp/backup-lz4/performance_schema/events_waits_cur_93.sdi.lz4
2026-03-10T21:42:33.158152-00:00 3 [Note] [MY-011825] [Xtrabackup] Done: Compressing performance_schema/events_waits_cur_93.sdi to /tmp/backup-lz4/performance_schema/events_waits_cur_93.sdi.lz4
2026-03-10T21:42:33.159125-00:00 3 [Note] [MY-011825] [Xtrabackup] Compressing performance_schema/events_statement_137.sdi to /tmp/backup-lz4/performance_schema/events_statement_137.sdi.lz4
2026-03-10T21:42:33.159250-00:00 3 [Note] [MY-011825] [Xtrabackup] Done: Compressing performance_schema/events_statement_137.sdi to /tmp/backup-lz4/performance_schema/events_statement_137.sdi.lz4
2026-03-10T21:42:33.160274-00:00 3 [Note] [MY-011825] [Xtrabackup] Compressing performance_schema/session_status_191.sdi to /tmp/backup-lz4/performance_schema/session_status_191.sdi.lz4
2026-03-10T21:42:33.160347-00:00 3 [Note] [MY-011825] [Xtrabackup] Done: Compressing performance_schema/session_status_191.sdi to /tmp/backup-lz4/performance_schema/session_status_191.sdi.lz4
2026-03-10T21:42:33.161359-00:00 3 [Note] [MY-011825] [Xtrabackup] Compressing performance_schema/events_statement_134.sdi to /tmp/backup-lz4/performance_schema/events_statement_134.sdi.lz4
2026-03-10T21:42:33.161455-00:00 3 [Note] [MY-011825] [Xtrabackup] Done: Compressing performance_schema/events_statement_134.sdi to /tmp/backup-lz4/performance_schema/events_statement_134.sdi.lz4
2026-03-10T21:42:33.162580-00:00 3 [Note] [MY-011825] [Xtrabackup] Compressing performance_schema/events_statement_131.sdi to /tmp/backup-lz4/performance_schema/events_statement_131.sdi.lz4
2026-03-10T21:42:33.162731-00:00 3 [Note] [MY-011825] [Xtrabackup] Done: Compressing performance_schema/events_statement_131.sdi to /tmp/backup-lz4/performance_schema/events_statement_131.sdi.lz4
2026-03-10T21:42:33.164031-00:00 3 [Note] [MY-011825] [Xtrabackup] Compressing performance_schema/events_stages_hi_121.sdi to /tmp/backup-lz4/performance_schema/events_stages_hi_121.sdi.lz4
2026-03-10T21:42:33.164191-00:00 3 [Note] [MY-011825] [Xtrabackup] Done: Compressing performance_schema/events_stages_hi_121.sdi to /tmp/backup-lz4/performance_schema/events_stages_hi_121.sdi.lz4
2026-03-10T21:42:33.165304-00:00 3 [Note] [MY-011825] [Xtrabackup] Compressing performance_schema/events_statement_130.sdi to /tmp/backup-lz4/performance_schema/events_statement_130.sdi.lz4
2026-03-10T21:42:33.165472-00:00 3 [Note] [MY-011825] [Xtrabackup] Done: Compressing performance_schema/events_statement_130.sdi to /tmp/backup-lz4/performance_schema/events_statement_130.sdi.lz4
2026-03-10T21:42:33.166564-00:00 3 [Note] [MY-011825] [Xtrabackup] Compressing performance_schema/events_stages_su_127.sdi to /tmp/backup-lz4/performance_schema/events_stages_su_127.sdi.lz4
2026-03-10T21:42:33.166663-00:00 3 [Note] [MY-011825] [Xtrabackup] Done: Compressing performance_schema/events_stages_su_127.sdi to /tmp/backup-lz4/performance_schema/events_stages_su_127.sdi.lz4
2026-03-10T21:42:33.167898-00:00 3 [Note] [MY-011825] [Xtrabackup] Compressing performance_schema/rwlock_instances_110.sdi to /tmp/backup-lz4/performance_schema/rwlock_instances_110.sdi.lz4
2026-03-10T21:42:33.167969-00:00 3 [Note] [MY-011825] [Xtrabackup] Done: Compressing performance_schema/rwlock_instances_110.sdi to /tmp/backup-lz4/performance_schema/rwlock_instances_110.sdi.lz4
2026-03-10T21:42:33.168815-00:00 3 [Note] [MY-011825] [Xtrabackup] Compressing performance_schema/replication_asyn_182.sdi to /tmp/backup-lz4/performance_schema/replication_asyn_182.sdi.lz4
2026-03-10T21:42:33.168903-00:00 3 [Note] [MY-011825] [Xtrabackup] Done: Compressing performance_schema/replication_asyn_182.sdi to /tmp/backup-lz4/performance_schema/replication_asyn_182.sdi.lz4
2026-03-10T21:42:33.169953-00:00 3 [Note] [MY-011825] [Xtrabackup] Compressing performance_schema/events_errors_su_148.sdi to /tmp/backup-lz4/performance_schema/events_errors_su_148.sdi.lz4
2026-03-10T21:42:33.170052-00:00 3 [Note] [MY-011825] [Xtrabackup] Done: Compressing performance_schema/events_errors_su_148.sdi to /tmp/backup-lz4/performance_schema/events_errors_su_148.sdi.lz4
2026-03-10T21:42:33.171067-00:00 3 [Note] [MY-011825] [Xtrabackup] Compressing performance_schema/data_locks_169.sdi to /tmp/backup-lz4/performance_schema/data_locks_169.sdi.lz4
2026-03-10T21:42:33.171189-00:00 3 [Note] [MY-011825] [Xtrabackup] Done: Compressing performance_schema/data_locks_169.sdi to /tmp/backup-lz4/performance_schema/data_locks_169.sdi.lz4
2026-03-10T21:42:33.172362-00:00 3 [Note] [MY-011825] [Xtrabackup] Compressing performance_schema/events_transacti_140.sdi to /tmp/backup-lz4/performance_schema/events_transacti_140.sdi.lz4
2026-03-10T21:42:33.172501-00:00 3 [Note] [MY-011825] [Xtrabackup] Done: Compressing performance_schema/events_transacti_140.sdi to /tmp/backup-lz4/performance_schema/events_transacti_140.sdi.lz4
2026-03-10T21:42:33.173561-00:00 3 [Note] [MY-011825] [Xtrabackup] Compressing performance_schema/events_waits_sum_101.sdi to /tmp/backup-lz4/performance_schema/events_waits_sum_101.sdi.lz4
2026-03-10T21:42:33.173632-00:00 3 [Note] [MY-011825] [Xtrabackup] Done: Compressing performance_schema/events_waits_sum_101.sdi to /tmp/backup-lz4/performance_schema/events_waits_sum_101.sdi.lz4
2026-03-10T21:42:33.174828-00:00 3 [Note] [MY-011825] [Xtrabackup] Compressing performance_schema/malloc_stats_201.sdi to /tmp/backup-lz4/performance_schema/malloc_stats_201.sdi.lz4
2026-03-10T21:42:33.174926-00:00 3 [Note] [MY-011825] [Xtrabackup] Done: Compressing performance_schema/malloc_stats_201.sdi to /tmp/backup-lz4/performance_schema/malloc_stats_201.sdi.lz4
2026-03-10T21:42:33.175774-00:00 3 [Note] [MY-011825] [Xtrabackup] Compressing performance_schema/status_by_thread_188.sdi to /tmp/backup-lz4/performance_schema/status_by_thread_188.sdi.lz4
2026-03-10T21:42:33.175847-00:00 3 [Note] [MY-011825] [Xtrabackup] Done: Compressing performance_schema/status_by_thread_188.sdi to /tmp/backup-lz4/performance_schema/status_by_thread_188.sdi.lz4
2026-03-10T21:42:33.176814-00:00 3 [Note] [MY-011825] [Xtrabackup] Compressing performance_schema/session_variable_194.sdi to /tmp/backup-lz4/performance_schema/session_variable_194.sdi.lz4
2026-03-10T21:42:33.176898-00:00 3 [Note] [MY-011825] [Xtrabackup] Done: Compressing performance_schema/session_variable_194.sdi to /tmp/backup-lz4/performance_schema/session_variable_194.sdi.lz4
2026-03-10T21:42:33.177978-00:00 3 [Note] [MY-011825] [Xtrabackup] Compressing performance_schema/events_stages_su_124.sdi to /tmp/backup-lz4/performance_schema/events_stages_su_124.sdi.lz4
2026-03-10T21:42:33.178055-00:00 3 [Note] [MY-011825] [Xtrabackup] Done: Compressing performance_schema/events_stages_su_124.sdi to /tmp/backup-lz4/performance_schema/events_stages_su_124.sdi.lz4
2026-03-10T21:42:33.179053-00:00 3 [Note] [MY-011825] [Xtrabackup] Compressing performance_schema/accounts_154.sdi to /tmp/backup-lz4/performance_schema/accounts_154.sdi.lz4
2026-03-10T21:42:33.179154-00:00 3 [Note] [MY-011825] [Xtrabackup] Done: Compressing performance_schema/accounts_154.sdi to /tmp/backup-lz4/performance_schema/accounts_154.sdi.lz4
2026-03-10T21:42:33.180023-00:00 3 [Note] [MY-011825] [Xtrabackup] Compressing performance_schema/cond_instances_91.sdi to /tmp/backup-lz4/performance_schema/cond_instances_91.sdi.lz4
2026-03-10T21:42:33.180113-00:00 3 [Note] [MY-011825] [Xtrabackup] Done: Compressing performance_schema/cond_instances_91.sdi to /tmp/backup-lz4/performance_schema/cond_instances_91.sdi.lz4
2026-03-10T21:42:33.181154-00:00 3 [Note] [MY-011825] [Xtrabackup] Compressing performance_schema/socket_summary_b_157.sdi to /tmp/backup-lz4/performance_schema/socket_summary_b_157.sdi.lz4
2026-03-10T21:42:33.181358-00:00 3 [Note] [MY-011825] [Xtrabackup] Done: Compressing performance_schema/socket_summary_b_157.sdi to /tmp/backup-lz4/performance_schema/socket_summary_b_157.sdi.lz4
2026-03-10T21:42:33.182352-00:00 3 [Note] [MY-011825] [Xtrabackup] Compressing performance_schema/events_transacti_147.sdi to /tmp/backup-lz4/performance_schema/events_transacti_147.sdi.lz4
2026-03-10T21:42:33.182460-00:00 3 [Note] [MY-011825] [Xtrabackup] Done: Compressing performance_schema/events_transacti_147.sdi to /tmp/backup-lz4/performance_schema/events_transacti_147.sdi.lz4
2026-03-10T21:42:33.183547-00:00 3 [Note] [MY-011825] [Xtrabackup] Compressing performance_schema/socket_instances_156.sdi to /tmp/backup-lz4/performance_schema/socket_instances_156.sdi.lz4
2026-03-10T21:42:33.183716-00:00 3 [Note] [MY-011825] [Xtrabackup] Done: Compressing performance_schema/socket_instances_156.sdi to /tmp/backup-lz4/performance_schema/socket_instances_156.sdi.lz4
2026-03-10T21:42:33.184730-00:00 3 [Note] [MY-011825] [Xtrabackup] Compressing performance_schema/events_transacti_142.sdi to /tmp/backup-lz4/performance_schema/events_transacti_142.sdi.lz4
2026-03-10T21:42:33.184915-00:00 3 [Note] [MY-011825] [Xtrabackup] Done: Compressing performance_schema/events_transacti_142.sdi to /tmp/backup-lz4/performance_schema/events_transacti_142.sdi.lz4
2026-03-10T21:42:33.186220-00:00 3 [Note] [MY-011825] [Xtrabackup] Compressing performance_schema/persisted_variab_196.sdi to /tmp/backup-lz4/performance_schema/persisted_variab_196.sdi.lz4
2026-03-10T21:42:33.186285-00:00 3 [Note] [MY-011825] [Xtrabackup] Done: Compressing performance_schema/persisted_variab_196.sdi to /tmp/backup-lz4/performance_schema/persisted_variab_196.sdi.lz4
2026-03-10T21:42:33.187315-00:00 3 [Note] [MY-011825] [Xtrabackup] Compressing performance_schema/users_153.sdi to /tmp/backup-lz4/performance_schema/users_153.sdi.lz4
2026-03-10T21:42:33.187399-00:00 3 [Note] [MY-011825] [Xtrabackup] Done: Compressing performance_schema/users_153.sdi to /tmp/backup-lz4/performance_schema/users_153.sdi.lz4
2026-03-10T21:42:33.188428-00:00 3 [Note] [MY-011825] [Xtrabackup] Compressing performance_schema/events_transacti_144.sdi to /tmp/backup-lz4/performance_schema/events_transacti_144.sdi.lz4
2026-03-10T21:42:33.188652-00:00 3 [Note] [MY-011825] [Xtrabackup] Done: Compressing performance_schema/events_transacti_144.sdi to /tmp/backup-lz4/performance_schema/events_transacti_144.sdi.lz4
2026-03-10T21:42:33.189619-00:00 3 [Note] [MY-011825] [Xtrabackup] Compressing performance_schema/memory_summary_g_162.sdi to /tmp/backup-lz4/performance_schema/memory_summary_g_162.sdi.lz4
2026-03-10T21:42:33.189779-00:00 3 [Note] [MY-011825] [Xtrabackup] Done: Compressing performance_schema/memory_summary_g_162.sdi to /tmp/backup-lz4/performance_schema/memory_summary_g_162.sdi.lz4
2026-03-10T21:42:33.190858-00:00 3 [Note] [MY-011825] [Xtrabackup] Compressing performance_schema/variables_info_195.sdi to /tmp/backup-lz4/performance_schema/variables_info_195.sdi.lz4
2026-03-10T21:42:33.190964-00:00 3 [Note] [MY-011825] [Xtrabackup] Done: Compressing performance_schema/variables_info_195.sdi to /tmp/backup-lz4/performance_schema/variables_info_195.sdi.lz4
2026-03-10T21:42:33.191830-00:00 3 [Note] [MY-011825] [Xtrabackup] Compressing performance_schema/pxc_cluster_view_204.sdi to /tmp/backup-lz4/performance_schema/pxc_cluster_view_204.sdi.lz4
2026-03-10T21:42:33.191912-00:00 3 [Note] [MY-011825] [Xtrabackup] Done: Compressing performance_schema/pxc_cluster_view_204.sdi to /tmp/backup-lz4/performance_schema/pxc_cluster_view_204.sdi.lz4
2026-03-10T21:42:33.192830-00:00 3 [Note] [MY-011825] [Xtrabackup] Compressing performance_schema/replication_grou_178.sdi to /tmp/backup-lz4/performance_schema/replication_grou_178.sdi.lz4
2026-03-10T21:42:33.192925-00:00 3 [Note] [MY-011825] [Xtrabackup] Done: Compressing performance_schema/replication_grou_178.sdi to /tmp/backup-lz4/performance_schema/replication_grou_178.sdi.lz4
2026-03-10T21:42:33.193760-00:00 3 [Note] [MY-011825] [Xtrabackup] Compressing performance_schema/events_errors_su_150.sdi to /tmp/backup-lz4/performance_schema/events_errors_su_150.sdi.lz4
2026-03-10T21:42:33.193845-00:00 3 [Note] [MY-011825] [Xtrabackup] Done: Compressing performance_schema/events_errors_su_150.sdi to /tmp/backup-lz4/performance_schema/events_errors_su_150.sdi.lz4
2026-03-10T21:42:33.194723-00:00 3 [Note] [MY-011825] [Xtrabackup] Compressing performance_schema/memory_summary_b_164.sdi to /tmp/backup-lz4/performance_schema/memory_summary_b_164.sdi.lz4
2026-03-10T21:42:33.194805-00:00 3 [Note] [MY-011825] [Xtrabackup] Done: Compressing performance_schema/memory_summary_b_164.sdi to /tmp/backup-lz4/performance_schema/memory_summary_b_164.sdi.lz4
2026-03-10T21:42:33.195623-00:00 3 [Note] [MY-011825] [Xtrabackup] Compressing performance_schema/events_statement_138.sdi to /tmp/backup-lz4/performance_schema/events_statement_138.sdi.lz4
2026-03-10T21:42:33.195701-00:00 3 [Note] [MY-011825] [Xtrabackup] Done: Compressing performance_schema/events_statement_138.sdi to /tmp/backup-lz4/performance_schema/events_statement_138.sdi.lz4
2026-03-10T21:42:33.196528-00:00 3 [Note] [MY-011825] [Xtrabackup] Compressing performance_schema/events_statement_128.sdi to /tmp/backup-lz4/performance_schema/events_statement_128.sdi.lz4
2026-03-10T21:42:33.196655-00:00 3 [Note] [MY-011825] [Xtrabackup] Done: Compressing performance_schema/events_statement_128.sdi to /tmp/backup-lz4/performance_schema/events_statement_128.sdi.lz4
2026-03-10T21:42:33.197619-00:00 3 [Note] [MY-011825] [Xtrabackup] Compressing performance_schema/replication_conn_173.sdi to /tmp/backup-lz4/performance_schema/replication_conn_173.sdi.lz4
2026-03-10T21:42:33.197777-00:00 3 [Note] [MY-011825] [Xtrabackup] Done: Compressing performance_schema/replication_conn_173.sdi to /tmp/backup-lz4/performance_schema/replication_conn_173.sdi.lz4
2026-03-10T21:42:33.198827-00:00 3 [Note] [MY-011825] [Xtrabackup] Compressing performance_schema/setup_instrument_113.sdi to /tmp/backup-lz4/performance_schema/setup_instrument_113.sdi.lz4
2026-03-10T21:42:33.198938-00:00 3 [Note] [MY-011825] [Xtrabackup] Done: Compressing performance_schema/setup_instrument_113.sdi to /tmp/backup-lz4/performance_schema/setup_instrument_113.sdi.lz4
2026-03-10T21:42:33.199778-00:00 3 [Note] [MY-011825] [Xtrabackup] Compressing performance_schema/error_log_92.sdi to /tmp/backup-lz4/performance_schema/error_log_92.sdi.lz4
2026-03-10T21:42:33.199851-00:00 3 [Note] [MY-011825] [Xtrabackup] Done: Compressing performance_schema/error_log_92.sdi to /tmp/backup-lz4/performance_schema/error_log_92.sdi.lz4
2026-03-10T21:42:33.200827-00:00 3 [Note] [MY-011825] [Xtrabackup] Compressing performance_schema/malloc_stats_tot_200.sdi to /tmp/backup-lz4/performance_schema/malloc_stats_tot_200.sdi.lz4
2026-03-10T21:42:33.200892-00:00 3 [Note] [MY-011825] [Xtrabackup] Done: Compressing performance_schema/malloc_stats_tot_200.sdi to /tmp/backup-lz4/performance_schema/malloc_stats_tot_200.sdi.lz4
2026-03-10T21:42:33.201896-00:00 3 [Note] [MY-011825] [Xtrabackup] Compressing performance_schema/events_waits_his_94.sdi to /tmp/backup-lz4/performance_schema/events_waits_his_94.sdi.lz4
2026-03-10T21:42:33.202023-00:00 3 [Note] [MY-011825] [Xtrabackup] Done: Compressing performance_schema/events_waits_his_94.sdi to /tmp/backup-lz4/performance_schema/events_waits_his_94.sdi.lz4
2026-03-10T21:42:33.202990-00:00 3 [Note] [MY-011825] [Xtrabackup] Compressing performance_schema/variables_by_thr_192.sdi to /tmp/backup-lz4/performance_schema/variables_by_thr_192.sdi.lz4
2026-03-10T21:42:33.203089-00:00 3 [Note] [MY-011825] [Xtrabackup] Done: Compressing performance_schema/variables_by_thr_192.sdi to /tmp/backup-lz4/performance_schema/variables_by_thr_192.sdi.lz4
2026-03-10T21:42:33.203933-00:00 3 [Note] [MY-011825] [Xtrabackup] Compressing performance_schema/memory_summary_b_166.sdi to /tmp/backup-lz4/performance_schema/memory_summary_b_166.sdi.lz4
2026-03-10T21:42:33.204034-00:00 3 [Note] [MY-011825] [Xtrabackup] Done: Compressing performance_schema/memory_summary_b_166.sdi to /tmp/backup-lz4/performance_schema/memory_summary_b_166.sdi.lz4
2026-03-10T21:42:33.205175-00:00 3 [Note] [MY-011825] [Xtrabackup] Compressing performance_schema/table_lock_waits_118.sdi to /tmp/backup-lz4/performance_schema/table_lock_waits_118.sdi.lz4
2026-03-10T21:42:33.205461-00:00 3 [Note] [MY-011825] [Xtrabackup] Done: Compressing performance_schema/table_lock_waits_118.sdi to /tmp/backup-lz4/performance_schema/table_lock_waits_118.sdi.lz4
2026-03-10T21:42:33.206510-00:00 3 [Note] [MY-011825] [Xtrabackup] Compressing performance_schema/events_transacti_145.sdi to /tmp/backup-lz4/performance_schema/events_transacti_145.sdi.lz4
2026-03-10T21:42:33.206621-00:00 3 [Note] [MY-011825] [Xtrabackup] Done: Compressing performance_schema/events_transacti_145.sdi to /tmp/backup-lz4/performance_schema/events_transacti_145.sdi.lz4
2026-03-10T21:42:33.207628-00:00 3 [Note] [MY-011825] [Xtrabackup] Compressing performance_schema/events_errors_su_152.sdi to /tmp/backup-lz4/performance_schema/events_errors_su_152.sdi.lz4
2026-03-10T21:42:33.207721-00:00 3 [Note] [MY-011825] [Xtrabackup] Done: Compressing performance_schema/events_errors_su_152.sdi to /tmp/backup-lz4/performance_schema/events_errors_su_152.sdi.lz4
2026-03-10T21:42:33.208737-00:00 3 [Note] [MY-011825] [Xtrabackup] Compressing performance_schema/replication_grou_172.sdi to /tmp/backup-lz4/performance_schema/replication_grou_172.sdi.lz4
2026-03-10T21:42:33.208829-00:00 3 [Note] [MY-011825] [Xtrabackup] Done: Compressing performance_schema/replication_grou_172.sdi to /tmp/backup-lz4/performance_schema/replication_grou_172.sdi.lz4
2026-03-10T21:42:33.209920-00:00 3 [Note] [MY-011825] [Xtrabackup] Compressing performance_schema/tls_channel_stat_199.sdi to /tmp/backup-lz4/performance_schema/tls_channel_stat_199.sdi.lz4
2026-03-10T21:42:33.210040-00:00 3 [Note] [MY-011825] [Xtrabackup] Done: Compressing performance_schema/tls_channel_stat_199.sdi to /tmp/backup-lz4/performance_schema/tls_channel_stat_199.sdi.lz4
2026-03-10T21:42:33.211044-00:00 3 [Note] [MY-011825] [Xtrabackup] Compressing performance_schema/events_stages_cu_120.sdi to /tmp/backup-lz4/performance_schema/events_stages_cu_120.sdi.lz4
2026-03-10T21:42:33.211156-00:00 3 [Note] [MY-011825] [Xtrabackup] Done: Compressing performance_schema/events_stages_cu_120.sdi to /tmp/backup-lz4/performance_schema/events_stages_cu_120.sdi.lz4
2026-03-10T21:42:33.212422-00:00 3 [Note] [MY-011825] [Xtrabackup] Compressing performance_schema/events_waits_sum_96.sdi to /tmp/backup-lz4/performance_schema/events_waits_sum_96.sdi.lz4
2026-03-10T21:42:33.212643-00:00 3 [Note] [MY-011825] [Xtrabackup] Done: Compressing performance_schema/events_waits_sum_96.sdi to /tmp/backup-lz4/performance_schema/events_waits_sum_96.sdi.lz4
2026-03-10T21:42:33.213935-00:00 3 [Note] [MY-011825] [Xtrabackup] Compressing performance_schema/user_defined_fun_197.sdi to /tmp/backup-lz4/performance_schema/user_defined_fun_197.sdi.lz4
2026-03-10T21:42:33.214049-00:00 3 [Note] [MY-011825] [Xtrabackup] Done: Compressing performance_schema/user_defined_fun_197.sdi to /tmp/backup-lz4/performance_schema/user_defined_fun_197.sdi.lz4
2026-03-10T21:42:33.215019-00:00 3 [Note] [MY-011825] [Xtrabackup] Compressing performance_schema/status_by_host_187.sdi to /tmp/backup-lz4/performance_schema/status_by_host_187.sdi.lz4
2026-03-10T21:42:33.215102-00:00 3 [Note] [MY-011825] [Xtrabackup] Done: Compressing performance_schema/status_by_host_187.sdi to /tmp/backup-lz4/performance_schema/status_by_host_187.sdi.lz4
2026-03-10T21:42:33.216100-00:00 3 [Note] [MY-011825] [Xtrabackup] Compressing performance_schema/hosts_155.sdi to /tmp/backup-lz4/performance_schema/hosts_155.sdi.lz4
2026-03-10T21:42:33.216190-00:00 3 [Note] [MY-011825] [Xtrabackup] Done: Compressing performance_schema/hosts_155.sdi to /tmp/backup-lz4/performance_schema/hosts_155.sdi.lz4
2026-03-10T21:42:33.217291-00:00 3 [Note] [MY-011825] [Xtrabackup] Compressing performance_schema/replication_appl_176.sdi to /tmp/backup-lz4/performance_schema/replication_appl_176.sdi.lz4
2026-03-10T21:42:33.217393-00:00 3 [Note] [MY-011825] [Xtrabackup] Done: Compressing performance_schema/replication_appl_176.sdi to /tmp/backup-lz4/performance_schema/replication_appl_176.sdi.lz4
2026-03-10T21:42:33.218445-00:00 3 [Note] [MY-011825] [Xtrabackup] Compressing performance_schema/memory_summary_b_165.sdi to /tmp/backup-lz4/performance_schema/memory_summary_b_165.sdi.lz4
2026-03-10T21:42:33.218552-00:00 3 [Note] [MY-011825] [Xtrabackup] Done: Compressing performance_schema/memory_summary_b_165.sdi to /tmp/backup-lz4/performance_schema/memory_summary_b_165.sdi.lz4
2026-03-10T21:42:33.219549-00:00 3 [Note] [MY-011825] [Xtrabackup] Compressing performance_schema/objects_summary__107.sdi to /tmp/backup-lz4/performance_schema/objects_summary__107.sdi.lz4
2026-03-10T21:42:33.219639-00:00 3 [Note] [MY-011825] [Xtrabackup] Done: Compressing performance_schema/objects_summary__107.sdi to /tmp/backup-lz4/performance_schema/objects_summary__107.sdi.lz4
2026-03-10T21:42:33.220628-00:00 3 [Note] [MY-011825] [Xtrabackup] Compressing performance_schema/events_statement_135.sdi to /tmp/backup-lz4/performance_schema/events_statement_135.sdi.lz4
2026-03-10T21:42:33.220775-00:00 3 [Note] [MY-011825] [Xtrabackup] Done: Compressing performance_schema/events_statement_135.sdi to /tmp/backup-lz4/performance_schema/events_statement_135.sdi.lz4
2026-03-10T21:42:33.221917-00:00 3 [Note] [MY-011825] [Xtrabackup] Compressing performance_schema/events_transacti_141.sdi to /tmp/backup-lz4/performance_schema/events_transacti_141.sdi.lz4
2026-03-10T21:42:33.222021-00:00 3 [Note] [MY-011825] [Xtrabackup] Done: Compressing performance_schema/events_transacti_141.sdi to /tmp/backup-lz4/performance_schema/events_transacti_141.sdi.lz4
2026-03-10T21:42:33.223019-00:00 3 [Note] [MY-011825] [Xtrabackup] Compressing performance_schema/global_variables_193.sdi to /tmp/backup-lz4/performance_schema/global_variables_193.sdi.lz4
2026-03-10T21:42:33.223085-00:00 3 [Note] [MY-011825] [Xtrabackup] Done: Compressing performance_schema/global_variables_193.sdi to /tmp/backup-lz4/performance_schema/global_variables_193.sdi.lz4
2026-03-10T21:42:33.283917-00:00 0 [Note] [MY-011825] [Xtrabackup] Finished backing up non-InnoDB tables and files
2026-03-10T21:42:33.283942-00:00 0 [Note] [MY-011825] [Xtrabackup] Executing FLUSH NO_WRITE_TO_BINLOG BINARY LOGS
2026-03-10T21:42:33.291882-00:00 0 [Note] [MY-011825] [Xtrabackup] Selecting LSN and binary log position from p_s.log_status
2026-03-10T21:42:33.295722-00:00 0 [Note] [MY-011825] [Xtrabackup] Compressing /var/lib/mysql/binlog.000002 to /tmp/backup-lz4/binlog.000002.lz4 up to position 157
2026-03-10T21:42:33.295779-00:00 0 [Note] [MY-011825] [Xtrabackup] Done: Compressing /var/lib/mysql/binlog.000002 to /tmp/backup-lz4/binlog.000002.lz4
2026-03-10T21:42:33.297099-00:00 0 [Note] [MY-011825] [Xtrabackup] Compressing /tmp/backup-lz4/binlog.index.lz4
2026-03-10T21:42:33.297150-00:00 0 [Note] [MY-011825] [Xtrabackup] Done: Compressing file /tmp/backup-lz4/binlog.index.lz4
2026-03-10T21:42:33.299083-00:00 0 [Note] [MY-011825] [Xtrabackup] Compressing /tmp/backup-lz4/xtrabackup_binlog_info.lz4
2026-03-10T21:42:33.299122-00:00 0 [Note] [MY-011825] [Xtrabackup] Done: Compressing file /tmp/backup-lz4/xtrabackup_binlog_info.lz4
2026-03-10T21:42:33.300064-00:00 0 [Note] [MY-011825] [Xtrabackup] Executing FLUSH NO_WRITE_TO_BINLOG ENGINE LOGS...
2026-03-10T21:42:33.301982-00:00 0 [Note] [MY-011825] [Xtrabackup] The latest check point (for incremental): '34625521'
2026-03-10T21:42:33.301993-00:00 0 [Note] [MY-011825] [Xtrabackup] Stopping log copying thread at LSN 168515816
2026-03-10T21:42:33.309998-00:00 0 [Note] [MY-011825] [Xtrabackup] Executing UNLOCK TABLES
2026-03-10T21:42:33.310096-00:00 0 [Note] [MY-011825] [Xtrabackup] All tables unlocked
2026-03-10T21:42:33.310154-00:00 0 [Note] [MY-011825] [Xtrabackup] Compressing ib_buffer_pool to /tmp/backup-lz4/ib_buffer_pool.lz4
2026-03-10T21:42:33.310263-00:00 0 [Note] [MY-011825] [Xtrabackup] Done: Compressing ib_buffer_pool to /tmp/backup-lz4/ib_buffer_pool.lz4
2026-03-10T21:42:33.311312-00:00 0 [Note] [MY-011825] [Xtrabackup] Backup created in directory '/tmp/backup-lz4/'
2026-03-10T21:42:33.311321-00:00 0 [Note] [MY-011825] [Xtrabackup] MySQL binlog position: filename 'binlog.000002', position '157'
2026-03-10T21:42:33.311455-00:00 0 [Note] [MY-011825] [Xtrabackup] Compressing /tmp/backup-lz4/backup-my.cnf.lz4
2026-03-10T21:42:33.311515-00:00 0 [Note] [MY-011825] [Xtrabackup] Done: Compressing file /tmp/backup-lz4/backup-my.cnf.lz4
2026-03-10T21:42:33.313222-00:00 0 [Note] [MY-011825] [Xtrabackup] Compressing /tmp/backup-lz4/xtrabackup_info.lz4
2026-03-10T21:42:33.313283-00:00 0 [Note] [MY-011825] [Xtrabackup] Done: Compressing file /tmp/backup-lz4/xtrabackup_info.lz4
2026-03-10T21:42:34.315579-00:00 0 [Note] [MY-011825] [Xtrabackup] Transaction log of lsn (19578242) to (168515826) was copied.
2026-03-10T21:42:34.537275-00:00 0 [Note] [MY-011825] [Xtrabackup] completed OK!
EXIT_STATUS=0
